#
# There is insufficient memory for the Java Runtime Environment to continue.
# Native memory allocation (mmap) failed to map 106954752 bytes for Failed to commit area from 0x00000000d0500000 to 0x00000000d6b00000 of length 106954752.
# Possible reasons:
#   The system is out of physical RAM or swap space
#   The process is running with CompressedOops enabled, and the Java Heap may be blocking the growth of the native heap
# Possible solutions:
#   Reduce memory load on the system
#   Increase physical memory or swap space
#   Check if swap backing store is full
#   Decrease Java heap size (-Xmx/-Xms)
#   Decrease number of Java threads
#   Decrease Java thread stack sizes (-Xss)
#   Set larger code cache with -XX:ReservedCodeCacheSize=
#   JVM is running with Unscaled Compressed Oops mode in which the Java heap is
#     placed in the first 4GB address space. The Java Heap base address is the
#     maximum limit for the native heap growth. Please use -XX:HeapBaseMinAddress
#     to set the Java Heap base and to place the Java Heap above 4GB virtual address.
# This output file may be truncated or incomplete.
#
#  Out of Memory Error (./src/hotspot/os/windows/os_windows.cpp:3380), pid=28524, tid=35952
#
# JRE version: OpenJDK Runtime Environment Microsoft-25199 (11.0.12+7) (build 11.0.12+7)
# Java VM: OpenJDK 64-Bit Server VM Microsoft-25199 (11.0.12+7, mixed mode, tiered, compressed oops, g1 gc, windows-amd64)
# No core dump will be written. Minidumps are not enabled by default on client versions of Windows
#

---------------  S U M M A R Y ------------

Command Line: -Xmx1G com.android.tools.r8.D8 --debug --min-api 21 --output obj\Debug\110\android\bin\ --lib C:\Program Files (x86)\Android\android-sdk\platforms\android-30\android.jar --lib C:\Program Files (x86)\Android\android-sdk\platforms\android-30\optional\org.apache.http.legacy.jar obj\Debug\110\android\bin\classes.zip C:\Program Files\Microsoft Visual Studio\2022\Community\Common7\IDE\ReferenceAssemblies\Microsoft\Framework\MonoAndroid\v11.0\mono.android.jar C:\Program Files\Microsoft Visual Studio\2022\Community\MSBuild\Xamarin\Android\java_runtime_fastdev.jar C:\Users\mayur\.nuget\packages\xamarin.google.guava.listenablefuture\1.0.0.2\buildTransitive\monoandroid50\guava-listenablefuture.jar C:\Users\mayur\.nuget\packages\xamarin.androidx.annotation\1.1.0.8\buildTransitive\monoandroid90\..\..\jar\androidx.annotation.annotation.jar C:\Users\mayur\.nuget\packages\xamarin.androidx.collection\1.1.0.6\buildTransitive\monoandroid90\..\..\jar\androidx.collection.collection.jar C:\Users\mayur\.nuget\packages\xamarin.androidx.lifecycle.common\2.2.0.4\buildTransitive\monoandroid90\..\..\jar\androidx.lifecycle.lifecycle-common.jar C:\Users\mayur\.nuget\packages\xamarin.androidx.arch.core.common\2.1.0.7\buildTransitive\monoandroid90\..\..\jar\androidx.arch.core.core-common.jar obj\Debug\110\lp\100\jl\classes.jar obj\Debug\110\lp\101\jl\classes.jar obj\Debug\110\lp\102\jl\classes.jar obj\Debug\110\lp\103\jl\classes.jar obj\Debug\110\lp\104\jl\classes.jar obj\Debug\110\lp\105\jl\classes.jar obj\Debug\110\lp\106\jl\classes.jar obj\Debug\110\lp\107\jl\classes.jar obj\Debug\110\lp\108\jl\classes.jar obj\Debug\110\lp\109\jl\classes.jar obj\Debug\110\lp\110\jl\classes.jar obj\Debug\110\lp\111\jl\classes.jar obj\Debug\110\lp\112\jl\classes.jar obj\Debug\110\lp\113\jl\classes.jar obj\Debug\110\lp\114\jl\classes.jar obj\Debug\110\lp\115\jl\classes.jar obj\Debug\110\lp\116\jl\classes.jar obj\Debug\110\lp\117\jl\classes.jar obj\Debug\110\lp\118\jl\classes.jar obj\Debug\110\lp\119\jl\classes.jar obj\Debug\110\lp\120\jl\classes.jar obj\Debug\110\lp\121\jl\classes.jar obj\Debug\110\lp\122\jl\classes.jar obj\Debug\110\lp\124\jl\classes.jar obj\Debug\110\lp\125\jl\classes.jar obj\Debug\110\lp\126\jl\classes.jar obj\Debug\110\lp\127\jl\classes.jar obj\Debug\110\lp\128\jl\classes.jar obj\Debug\110\lp\129\jl\classes.jar obj\Debug\110\lp\130\jl\classes.jar obj\Debug\110\lp\131\jl\classes.jar obj\Debug\110\lp\132\jl\classes.jar obj\Debug\110\lp\133\jl\classes.jar obj\Debug\110\lp\134\jl\classes.jar obj\Debug\110\lp\135\jl\classes.jar obj\Debug\110\lp\136\jl\classes.jar obj\Debug\110\lp\137\jl\classes.jar obj\Debug\110\lp\71\jl\bin\classes.jar obj\Debug\110\lp\72\jl\bin\classes.jar obj\Debug\110\lp\73\jl\bin\classes.jar obj\Debug\110\lp\75\jl\auto-value-annotations.jar obj\Debug\110\lp\76\jl\dagger-2.35.1.jar obj\Debug\110\lp\8\jl\formsviewgroup.jar obj\Debug\110\lp\82\jl\javax-inject.jar obj\Debug\110\lp\85\jl\classes.jar obj\Debug\110\lp\86\jl\classes.jar obj\Debug\110\lp\87\jl\classes.jar obj\Debug\110\lp\88\jl\classes.jar obj\Debug\110\lp\89\jl\classes.jar obj\Debug\110\lp\90\jl\classes.jar obj\Debug\110\lp\91\jl\classes.jar obj\Debug\110\lp\92\jl\classes.jar obj\Debug\110\lp\93\jl\classes.jar obj\Debug\110\lp\94\jl\classes.jar obj\Debug\110\lp\95\jl\classes.jar obj\Debug\110\lp\96\jl\classes.jar obj\Debug\110\lp\97\jl\classes.jar obj\Debug\110\lp\98\jl\classes.jar obj\Debug\110\lp\99\jl\classes.jar

Host: Intel(R) Core(TM) i5-10210U CPU @ 1.60GHz, 8 cores, 7G,  Windows 10 , 64 bit Build 22000 (10.0.22000.708)
Time: Sat Oct  1 11:12:42 2022 India Standard Time elapsed time: 6.343967 seconds (0d 0h 0m 6s)

---------------  T H R E A D  ---------------

Current thread (0x000002b6bdcc7000):  VMThread "VM Thread" [stack: 0x000000e8d7200000,0x000000e8d7300000] [id=35952]

Stack: [0x000000e8d7200000,0x000000e8d7300000]
[error occurred during error reporting (printing stack bounds), id 0xc0000005, EXCEPTION_ACCESS_VIOLATION (0xc0000005) at pc=0x000002b6a995112d]

Native frames: (J=compiled Java code, j=interpreted, Vv=VM code, C=native code)
V  [jvm.dll+0x6090fa]
V  [jvm.dll+0x79229e]
V  [jvm.dll+0x79396f]
V  [jvm.dll+0x793f95]
V  [jvm.dll+0x793f4b]
V  [jvm.dll+0x608487]
V  [jvm.dll+0x608b98]
C  [ntdll.dll+0xa8b1f]
C  [ntdll.dll+0x35b9a]
C  [ntdll.dll+0xa7b2e]
C  0x000002b6a995112d

VM_Operation (0x000000e8d85fd8f0): G1CollectForAllocation, mode: safepoint, requested by thread 0x000002b6bedf0800


---------------  P R O C E S S  ---------------

Threads class SMR info:
_java_thread_list=0x000002b6bed15810, length=14, elements={
0x000002b6a1237000, 0x000002b6bdcda000, 0x000002b6bdcdb800, 0x000002b6bdcec800,
0x000002b6bdcee000, 0x000002b6bdcef000, 0x000002b6bdcf0800, 0x000002b6bdcf4000,
0x000002b6bdcf7800, 0x000002b6be7c6800, 0x000002b6bebd5800, 0x000002b6bedf0800,
0x000002b6bf6c9800, 0x000002b6bf6ca000
}

Java Threads: ( => current thread )
  0x000002b6a1237000 JavaThread "main" [_thread_blocked, id=21776, stack(0x000000e8d6c00000,0x000000e8d6d00000)]
  0x000002b6bdcda000 JavaThread "Reference Handler" daemon [_thread_blocked, id=17616, stack(0x000000e8d7300000,0x000000e8d7400000)]
  0x000002b6bdcdb800 JavaThread "Finalizer" daemon [_thread_blocked, id=38100, stack(0x000000e8d7400000,0x000000e8d7500000)]
  0x000002b6bdcec800 JavaThread "Signal Dispatcher" daemon [_thread_blocked, id=14640, stack(0x000000e8d7500000,0x000000e8d7600000)]
  0x000002b6bdcee000 JavaThread "Attach Listener" daemon [_thread_blocked, id=39924, stack(0x000000e8d7600000,0x000000e8d7700000)]
  0x000002b6bdcef000 JavaThread "Service Thread" daemon [_thread_blocked, id=31616, stack(0x000000e8d7700000,0x000000e8d7800000)]
  0x000002b6bdcf0800 JavaThread "C2 CompilerThread0" daemon [_thread_in_native, id=14148, stack(0x000000e8d7800000,0x000000e8d7900000)]
  0x000002b6bdcf4000 JavaThread "C1 CompilerThread0" daemon [_thread_blocked, id=18572, stack(0x000000e8d7900000,0x000000e8d7a00000)]
  0x000002b6bdcf7800 JavaThread "Sweeper thread" daemon [_thread_blocked, id=41708, stack(0x000000e8d7a00000,0x000000e8d7b00000)]
  0x000002b6be7c6800 JavaThread "Common-Cleaner" daemon [_thread_blocked, id=21108, stack(0x000000e8d7c00000,0x000000e8d7d00000)]
  0x000002b6bebd5800 JavaThread "ForkJoinPool-1-worker-3" daemon [_thread_blocked, id=23344, stack(0x000000e8d8400000,0x000000e8d8500000)]
  0x000002b6bedf0800 JavaThread "ForkJoinPool-1-worker-5" daemon [_thread_blocked, id=14264, stack(0x000000e8d8500000,0x000000e8d8600000)]
  0x000002b6bf6c9800 JavaThread "ForkJoinPool-1-worker-7" daemon [_thread_blocked, id=30964, stack(0x000000e8d8600000,0x000000e8d8700000)]
  0x000002b6bf6ca000 JavaThread "ForkJoinPool-1-worker-1" daemon [_thread_blocked, id=7792, stack(0x000000e8d8700000,0x000000e8d8800000)]

Other Threads:
=>0x000002b6bdcc7000 VMThread "VM Thread" [stack: 0x000000e8d7200000,0x000000e8d7300000] [id=35952]
  0x000002b6be7c3000 WatcherThread [stack: 0x000000e8d7b00000,0x000000e8d7c00000] [id=17028]
  0x000002b6a124d000 GCTaskThread "GC Thread#0" [stack: 0x000000e8d6d00000,0x000000e8d6e00000] [id=35516]
  0x000002b6bea97000 GCTaskThread "GC Thread#1" [stack: 0x000000e8d7d00000,0x000000e8d7e00000] [id=18352]
  0x000002b6bed2b000 GCTaskThread "GC Thread#2" [stack: 0x000000e8d7e00000,0x000000e8d7f00000] [id=31648]
  0x000002b6a1300800 GCTaskThread "GC Thread#3" [stack: 0x000000e8d8a00000,0x000000e8d8b00000] [id=9452]
  0x000002b6a1305000 GCTaskThread "GC Thread#4" [stack: 0x000000e8d8c00000,0x000000e8d8d00000] [id=30388]
  0x000002b6a1303800 GCTaskThread "GC Thread#5" [stack: 0x000000e8d8d00000,0x000000e8d8e00000] [id=36548]
  0x000002b6a1269800 ConcurrentGCThread "G1 Main Marker" [stack: 0x000000e8d6e00000,0x000000e8d6f00000] [id=14532]
  0x000002b6a126c800 ConcurrentGCThread "G1 Conc#0" [stack: 0x000000e8d6f00000,0x000000e8d7000000] [id=8636]
  0x000002b6bf5f5800 ConcurrentGCThread "G1 Conc#1" [stack: 0x000000e8d8900000,0x000000e8d8a00000] [id=23336]
  0x000002b6a12fe800 ConcurrentGCThread "G1 Refine#0" [stack: 0x000000e8d7000000,0x000000e8d7100000] [id=29572]
  0x000002b6a1302800 ConcurrentGCThread "G1 Refine#1" [stack: 0x000000e8d7f00000,0x000000e8d8000000] [id=26876]
  0x000002b6a1305800 ConcurrentGCThread "G1 Refine#2" [stack: 0x000000e8d8000000,0x000000e8d8100000] [id=37540]
  0x000002b6a1300000 ConcurrentGCThread "G1 Refine#3" [stack: 0x000000e8d8100000,0x000000e8d8200000] [id=41444]
  0x000002b6a12ff000 ConcurrentGCThread "G1 Refine#4" [stack: 0x000000e8d8200000,0x000000e8d8300000] [id=18712]
  0x000002b6a1304000 ConcurrentGCThread "G1 Refine#5" [stack: 0x000000e8d8300000,0x000000e8d8400000] [id=40768]
  0x000002b6a1301800 ConcurrentGCThread "G1 Refine#6" [stack: 0x000000e8d8800000,0x000000e8d8900000] [id=28104]
  0x000002b6a1302000 ConcurrentGCThread "G1 Refine#7" [stack: 0x000000e8d8b00000,0x000000e8d8c00000] [id=25672]
  0x000002b6a1309800 ConcurrentGCThread "G1 Young RemSet Sampling" [stack: 0x000000e8d7100000,0x000000e8d7200000] [id=38328]

Threads with active compile tasks:
C2 CompilerThread0   6374 2158       4       com.android.tools.r8.internal.lH0::a (4225 bytes)
C1 CompilerThread0   6374 3725 % !   3       com.android.tools.r8.graph.l::a @ 129 (1432 bytes)

VM state:at safepoint (normal execution)

VM Mutex/Monitor currently owned by a thread:  ([mutex/lock_event])
[0x000002b6a12322b0] Threads_lock - owner thread: 0x000002b6bdcc7000
[0x000002b6a12308d0] Heap_lock - owner thread: 0x000002b6bedf0800

Heap address: 0x00000000c0000000, size: 1024 MB, Compressed Oops mode: 32-bit
Narrow klass base: 0x0000000000000000, Narrow klass shift: 3
Compressed class space size: 1073741824 Address: 0x0000000100000000

Heap:
 garbage-first heap   total 371712K, used 115051K [0x00000000c0000000, 0x0000000100000000)
  region size 1024K, 2 young (2048K), 2 survivors (2048K)
 Metaspace       used 21127K, capacity 21749K, committed 21888K, reserved 1069056K
  class space    used 2542K, capacity 2823K, committed 2944K, reserved 1048576K
Heap Regions: E=young(eden), S=young(survivor), O=old, HS=humongous(starts), HC=humongous(continues), CS=collection set, F=free, A=archive, TAMS=top-at-mark-start (previous, next)
|   0|0x00000000c0000000, 0x00000000c0100000, 0x00000000c0100000|100%|HS|  |TAMS 0x00000000c0100000, 0x00000000c0000000| Complete 
|   1|0x00000000c0100000, 0x00000000c0200000, 0x00000000c0200000|100%| O|  |TAMS 0x00000000c0200000, 0x00000000c0100000| Untracked 
|   2|0x00000000c0200000, 0x00000000c0300000, 0x00000000c0300000|100%| O|  |TAMS 0x00000000c0300000, 0x00000000c0200000| Untracked 
|   3|0x00000000c0300000, 0x00000000c0300000, 0x00000000c0400000|  0%| F|  |TAMS 0x00000000c0300000, 0x00000000c0300000| Untracked 
|   4|0x00000000c0400000, 0x00000000c0400000, 0x00000000c0500000|  0%| F|  |TAMS 0x00000000c0400000, 0x00000000c0400000| Untracked 
|   5|0x00000000c0500000, 0x00000000c0500000, 0x00000000c0600000|  0%| F|  |TAMS 0x00000000c0500000, 0x00000000c0500000| Untracked 
|   6|0x00000000c0600000, 0x00000000c0600000, 0x00000000c0700000|  0%| F|  |TAMS 0x00000000c0600000, 0x00000000c0600000| Untracked 
|   7|0x00000000c0700000, 0x00000000c0800000, 0x00000000c0800000|100%| O|  |TAMS 0x00000000c0800000, 0x00000000c0700000| Untracked 
|   8|0x00000000c0800000, 0x00000000c0900000, 0x00000000c0900000|100%| O|  |TAMS 0x00000000c0900000, 0x00000000c0800000| Untracked 
|   9|0x00000000c0900000, 0x00000000c0a00000, 0x00000000c0a00000|100%| O|  |TAMS 0x00000000c0a00000, 0x00000000c0900000| Untracked 
|  10|0x00000000c0a00000, 0x00000000c0b00000, 0x00000000c0b00000|100%| O|  |TAMS 0x00000000c0b00000, 0x00000000c0a00000| Untracked 
|  11|0x00000000c0b00000, 0x00000000c0c00000, 0x00000000c0c00000|100%| O|  |TAMS 0x00000000c0c00000, 0x00000000c0b00000| Untracked 
|  12|0x00000000c0c00000, 0x00000000c0d00000, 0x00000000c0d00000|100%| O|  |TAMS 0x00000000c0d00000, 0x00000000c0c00000| Untracked 
|  13|0x00000000c0d00000, 0x00000000c0e00000, 0x00000000c0e00000|100%|HS|  |TAMS 0x00000000c0e00000, 0x00000000c0d00000| Complete 
|  14|0x00000000c0e00000, 0x00000000c0f00000, 0x00000000c0f00000|100%|HC|  |TAMS 0x00000000c0f00000, 0x00000000c0e00000| Complete 
|  15|0x00000000c0f00000, 0x00000000c1000000, 0x00000000c1000000|100%| O|  |TAMS 0x00000000c1000000, 0x00000000c0f00000| Untracked 
|  16|0x00000000c1000000, 0x00000000c1100000, 0x00000000c1100000|100%| O|  |TAMS 0x00000000c1100000, 0x00000000c1000000| Untracked 
|  17|0x00000000c1100000, 0x00000000c1200000, 0x00000000c1200000|100%| O|  |TAMS 0x00000000c1200000, 0x00000000c1100000| Untracked 
|  18|0x00000000c1200000, 0x00000000c1300000, 0x00000000c1300000|100%| O|  |TAMS 0x00000000c1300000, 0x00000000c1200000| Untracked 
|  19|0x00000000c1300000, 0x00000000c1400000, 0x00000000c1400000|100%| O|  |TAMS 0x00000000c1400000, 0x00000000c1300000| Untracked 
|  20|0x00000000c1400000, 0x00000000c1500000, 0x00000000c1500000|100%| O|  |TAMS 0x00000000c1500000, 0x00000000c1400000| Untracked 
|  21|0x00000000c1500000, 0x00000000c1600000, 0x00000000c1600000|100%| O|  |TAMS 0x00000000c1600000, 0x00000000c1500000| Untracked 
|  22|0x00000000c1600000, 0x00000000c1700000, 0x00000000c1700000|100%| O|  |TAMS 0x00000000c1700000, 0x00000000c1600000| Untracked 
|  23|0x00000000c1700000, 0x00000000c1800000, 0x00000000c1800000|100%| O|  |TAMS 0x00000000c1800000, 0x00000000c1700000| Untracked 
|  24|0x00000000c1800000, 0x00000000c1900000, 0x00000000c1900000|100%| O|  |TAMS 0x00000000c1900000, 0x00000000c1800000| Untracked 
|  25|0x00000000c1900000, 0x00000000c1a00000, 0x00000000c1a00000|100%| O|  |TAMS 0x00000000c1a00000, 0x00000000c1900000| Untracked 
|  26|0x00000000c1a00000, 0x00000000c1b00000, 0x00000000c1b00000|100%| O|  |TAMS 0x00000000c1b00000, 0x00000000c1a00000| Untracked 
|  27|0x00000000c1b00000, 0x00000000c1c00000, 0x00000000c1c00000|100%| O|  |TAMS 0x00000000c1c00000, 0x00000000c1b00000| Untracked 
|  28|0x00000000c1c00000, 0x00000000c1d00000, 0x00000000c1d00000|100%| O|  |TAMS 0x00000000c1d00000, 0x00000000c1c00000| Untracked 
|  29|0x00000000c1d00000, 0x00000000c1e00000, 0x00000000c1e00000|100%| O|  |TAMS 0x00000000c1e00000, 0x00000000c1d00000| Untracked 
|  30|0x00000000c1e00000, 0x00000000c1f00000, 0x00000000c1f00000|100%| O|  |TAMS 0x00000000c1f00000, 0x00000000c1e00000| Untracked 
|  31|0x00000000c1f00000, 0x00000000c2000000, 0x00000000c2000000|100%| O|  |TAMS 0x00000000c2000000, 0x00000000c1f00000| Untracked 
|  32|0x00000000c2000000, 0x00000000c2100000, 0x00000000c2100000|100%| O|  |TAMS 0x00000000c2100000, 0x00000000c2000000| Untracked 
|  33|0x00000000c2100000, 0x00000000c2200000, 0x00000000c2200000|100%| O|  |TAMS 0x00000000c2200000, 0x00000000c2100000| Untracked 
|  34|0x00000000c2200000, 0x00000000c2300000, 0x00000000c2300000|100%| O|  |TAMS 0x00000000c2300000, 0x00000000c2200000| Untracked 
|  35|0x00000000c2300000, 0x00000000c2400000, 0x00000000c2400000|100%| O|  |TAMS 0x00000000c2400000, 0x00000000c2300000| Untracked 
|  36|0x00000000c2400000, 0x00000000c2500000, 0x00000000c2500000|100%| O|  |TAMS 0x00000000c2500000, 0x00000000c2400000| Untracked 
|  37|0x00000000c2500000, 0x00000000c2600000, 0x00000000c2600000|100%| O|  |TAMS 0x00000000c2600000, 0x00000000c2500000| Untracked 
|  38|0x00000000c2600000, 0x00000000c2700000, 0x00000000c2700000|100%| O|  |TAMS 0x00000000c2700000, 0x00000000c2600000| Untracked 
|  39|0x00000000c2700000, 0x00000000c2800000, 0x00000000c2800000|100%| O|  |TAMS 0x00000000c2800000, 0x00000000c2700000| Untracked 
|  40|0x00000000c2800000, 0x00000000c2900000, 0x00000000c2900000|100%| O|  |TAMS 0x00000000c2900000, 0x00000000c2800000| Untracked 
|  41|0x00000000c2900000, 0x00000000c2a00000, 0x00000000c2a00000|100%| O|  |TAMS 0x00000000c2a00000, 0x00000000c2900000| Untracked 
|  42|0x00000000c2a00000, 0x00000000c2b00000, 0x00000000c2b00000|100%| O|  |TAMS 0x00000000c2b00000, 0x00000000c2a00000| Untracked 
|  43|0x00000000c2b00000, 0x00000000c2c00000, 0x00000000c2c00000|100%| O|  |TAMS 0x00000000c2c00000, 0x00000000c2b00000| Untracked 
|  44|0x00000000c2c00000, 0x00000000c2d00000, 0x00000000c2d00000|100%| O|  |TAMS 0x00000000c2d00000, 0x00000000c2c00000| Untracked 
|  45|0x00000000c2d00000, 0x00000000c2e00000, 0x00000000c2e00000|100%| O|  |TAMS 0x00000000c2e00000, 0x00000000c2d00000| Untracked 
|  46|0x00000000c2e00000, 0x00000000c2f00000, 0x00000000c2f00000|100%| O|  |TAMS 0x00000000c2f00000, 0x00000000c2e00000| Untracked 
|  47|0x00000000c2f00000, 0x00000000c3000000, 0x00000000c3000000|100%| O|  |TAMS 0x00000000c3000000, 0x00000000c2f00000| Untracked 
|  48|0x00000000c3000000, 0x00000000c3100000, 0x00000000c3100000|100%| O|  |TAMS 0x00000000c3100000, 0x00000000c3000000| Untracked 
|  49|0x00000000c3100000, 0x00000000c3200000, 0x00000000c3200000|100%| O|  |TAMS 0x00000000c3200000, 0x00000000c3100000| Untracked 
|  50|0x00000000c3200000, 0x00000000c3300000, 0x00000000c3300000|100%| O|  |TAMS 0x00000000c3300000, 0x00000000c3200000| Untracked 
|  51|0x00000000c3300000, 0x00000000c3400000, 0x00000000c3400000|100%| O|  |TAMS 0x00000000c3400000, 0x00000000c3300000| Untracked 
|  52|0x00000000c3400000, 0x00000000c3500000, 0x00000000c3500000|100%| O|  |TAMS 0x00000000c3500000, 0x00000000c3400000| Untracked 
|  53|0x00000000c3500000, 0x00000000c3600000, 0x00000000c3600000|100%| O|  |TAMS 0x00000000c3600000, 0x00000000c3500000| Untracked 
|  54|0x00000000c3600000, 0x00000000c3700000, 0x00000000c3700000|100%| O|  |TAMS 0x00000000c3700000, 0x00000000c3600000| Untracked 
|  55|0x00000000c3700000, 0x00000000c3800000, 0x00000000c3800000|100%| O|  |TAMS 0x00000000c3800000, 0x00000000c3700000| Untracked 
|  56|0x00000000c3800000, 0x00000000c3900000, 0x00000000c3900000|100%| O|  |TAMS 0x00000000c3900000, 0x00000000c3800000| Untracked 
|  57|0x00000000c3900000, 0x00000000c3a00000, 0x00000000c3a00000|100%| O|  |TAMS 0x00000000c3a00000, 0x00000000c3900000| Untracked 
|  58|0x00000000c3a00000, 0x00000000c3b00000, 0x00000000c3b00000|100%| O|  |TAMS 0x00000000c3b00000, 0x00000000c3a00000| Untracked 
|  59|0x00000000c3b00000, 0x00000000c3b00000, 0x00000000c3c00000|  0%| F|  |TAMS 0x00000000c3b00000, 0x00000000c3b00000| Untracked 
|  60|0x00000000c3c00000, 0x00000000c3d00000, 0x00000000c3d00000|100%| O|  |TAMS 0x00000000c3d00000, 0x00000000c3c00000| Untracked 
|  61|0x00000000c3d00000, 0x00000000c3e00000, 0x00000000c3e00000|100%| O|  |TAMS 0x00000000c3e00000, 0x00000000c3d00000| Untracked 
|  62|0x00000000c3e00000, 0x00000000c3f00000, 0x00000000c3f00000|100%| O|  |TAMS 0x00000000c3f00000, 0x00000000c3e00000| Untracked 
|  63|0x00000000c3f00000, 0x00000000c4000000, 0x00000000c4000000|100%| O|  |TAMS 0x00000000c4000000, 0x00000000c3f00000| Untracked 
|  64|0x00000000c4000000, 0x00000000c4100000, 0x00000000c4100000|100%| O|  |TAMS 0x00000000c4100000, 0x00000000c4000000| Untracked 
|  65|0x00000000c4100000, 0x00000000c4200000, 0x00000000c4200000|100%| O|  |TAMS 0x00000000c4200000, 0x00000000c4100000| Untracked 
|  66|0x00000000c4200000, 0x00000000c4300000, 0x00000000c4300000|100%| O|  |TAMS 0x00000000c4300000, 0x00000000c4200000| Untracked 
|  67|0x00000000c4300000, 0x00000000c4400000, 0x00000000c4400000|100%| O|  |TAMS 0x00000000c4400000, 0x00000000c4300000| Untracked 
|  68|0x00000000c4400000, 0x00000000c4500000, 0x00000000c4500000|100%| O|  |TAMS 0x00000000c4500000, 0x00000000c4400000| Untracked 
|  69|0x00000000c4500000, 0x00000000c4600000, 0x00000000c4600000|100%| O|  |TAMS 0x00000000c4600000, 0x00000000c4500000| Untracked 
|  70|0x00000000c4600000, 0x00000000c4700000, 0x00000000c4700000|100%| O|  |TAMS 0x00000000c4700000, 0x00000000c4600000| Untracked 
|  71|0x00000000c4700000, 0x00000000c4800000, 0x00000000c4800000|100%| O|  |TAMS 0x00000000c4800000, 0x00000000c4700000| Untracked 
|  72|0x00000000c4800000, 0x00000000c4800000, 0x00000000c4900000|  0%| F|  |TAMS 0x00000000c4800000, 0x00000000c4800000| Untracked 
|  73|0x00000000c4900000, 0x00000000c4a00000, 0x00000000c4a00000|100%| O|  |TAMS 0x00000000c4a00000, 0x00000000c4900000| Untracked 
|  74|0x00000000c4a00000, 0x00000000c4b00000, 0x00000000c4b00000|100%| O|  |TAMS 0x00000000c4b00000, 0x00000000c4a00000| Untracked 
|  75|0x00000000c4b00000, 0x00000000c4c00000, 0x00000000c4c00000|100%| O|  |TAMS 0x00000000c4c00000, 0x00000000c4b00000| Untracked 
|  76|0x00000000c4c00000, 0x00000000c4d00000, 0x00000000c4d00000|100%| O|  |TAMS 0x00000000c4d00000, 0x00000000c4c00000| Untracked 
|  77|0x00000000c4d00000, 0x00000000c4e00000, 0x00000000c4e00000|100%| O|  |TAMS 0x00000000c4e00000, 0x00000000c4d00000| Untracked 
|  78|0x00000000c4e00000, 0x00000000c4f00000, 0x00000000c4f00000|100%| O|  |TAMS 0x00000000c4f00000, 0x00000000c4e00000| Untracked 
|  79|0x00000000c4f00000, 0x00000000c5000000, 0x00000000c5000000|100%| O|  |TAMS 0x00000000c5000000, 0x00000000c4f00000| Untracked 
|  80|0x00000000c5000000, 0x00000000c5100000, 0x00000000c5100000|100%| O|  |TAMS 0x00000000c5100000, 0x00000000c5000000| Untracked 
|  81|0x00000000c5100000, 0x00000000c5200000, 0x00000000c5200000|100%| O|  |TAMS 0x00000000c5200000, 0x00000000c5100000| Untracked 
|  82|0x00000000c5200000, 0x00000000c5300000, 0x00000000c5300000|100%| O|  |TAMS 0x00000000c5300000, 0x00000000c5200000| Untracked 
|  83|0x00000000c5300000, 0x00000000c5400000, 0x00000000c5400000|100%| O|  |TAMS 0x00000000c5400000, 0x00000000c5300000| Untracked 
|  84|0x00000000c5400000, 0x00000000c5500000, 0x00000000c5500000|100%| O|  |TAMS 0x00000000c5500000, 0x00000000c5400000| Untracked 
|  85|0x00000000c5500000, 0x00000000c5600000, 0x00000000c5600000|100%| O|  |TAMS 0x00000000c5600000, 0x00000000c5500000| Untracked 
|  86|0x00000000c5600000, 0x00000000c5700000, 0x00000000c5700000|100%| O|  |TAMS 0x00000000c5700000, 0x00000000c5600000| Untracked 
|  87|0x00000000c5700000, 0x00000000c5800000, 0x00000000c5800000|100%| O|  |TAMS 0x00000000c5800000, 0x00000000c5700000| Untracked 
|  88|0x00000000c5800000, 0x00000000c5800000, 0x00000000c5900000|  0%| F|  |TAMS 0x00000000c5800000, 0x00000000c5800000| Untracked 
|  89|0x00000000c5900000, 0x00000000c5a00000, 0x00000000c5a00000|100%| O|  |TAMS 0x00000000c5900000, 0x00000000c5900000| Untracked 
|  90|0x00000000c5a00000, 0x00000000c5b00000, 0x00000000c5b00000|100%| O|  |TAMS 0x00000000c5a00000, 0x00000000c5a00000| Untracked 
|  91|0x00000000c5b00000, 0x00000000c5c00000, 0x00000000c5c00000|100%| O|  |TAMS 0x00000000c5b00000, 0x00000000c5b00000| Untracked 
|  92|0x00000000c5c00000, 0x00000000c5d00000, 0x00000000c5d00000|100%| O|  |TAMS 0x00000000c5c00000, 0x00000000c5c00000| Untracked 
|  93|0x00000000c5d00000, 0x00000000c5e00000, 0x00000000c5e00000|100%| O|  |TAMS 0x00000000c5d00000, 0x00000000c5d00000| Untracked 
|  94|0x00000000c5e00000, 0x00000000c5f00000, 0x00000000c5f00000|100%| O|  |TAMS 0x00000000c5e00000, 0x00000000c5e00000| Untracked 
|  95|0x00000000c5f00000, 0x00000000c6000000, 0x00000000c6000000|100%| O|  |TAMS 0x00000000c5f00000, 0x00000000c5f00000| Untracked 
|  96|0x00000000c6000000, 0x00000000c6100000, 0x00000000c6100000|100%| O|  |TAMS 0x00000000c6000000, 0x00000000c6000000| Untracked 
|  97|0x00000000c6100000, 0x00000000c6200000, 0x00000000c6200000|100%| O|  |TAMS 0x00000000c6100000, 0x00000000c6100000| Untracked 
|  98|0x00000000c6200000, 0x00000000c6300000, 0x00000000c6300000|100%| O|  |TAMS 0x00000000c6200000, 0x00000000c6200000| Untracked 
|  99|0x00000000c6300000, 0x00000000c6400000, 0x00000000c6400000|100%| O|  |TAMS 0x00000000c6300000, 0x00000000c6300000| Untracked 
| 100|0x00000000c6400000, 0x00000000c6500000, 0x00000000c6500000|100%| O|  |TAMS 0x00000000c6400000, 0x00000000c6400000| Untracked 
| 101|0x00000000c6500000, 0x00000000c6600000, 0x00000000c6600000|100%| O|  |TAMS 0x00000000c6500000, 0x00000000c6500000| Untracked 
| 102|0x00000000c6600000, 0x00000000c6700000, 0x00000000c6700000|100%| O|  |TAMS 0x00000000c6600000, 0x00000000c6600000| Untracked 
| 103|0x00000000c6700000, 0x00000000c6800000, 0x00000000c6800000|100%| O|  |TAMS 0x00000000c6700000, 0x00000000c6700000| Untracked 
| 104|0x00000000c6800000, 0x00000000c6900000, 0x00000000c6900000|100%| O|  |TAMS 0x00000000c6800000, 0x00000000c6800000| Untracked 
| 105|0x00000000c6900000, 0x00000000c6a00000, 0x00000000c6a00000|100%| O|  |TAMS 0x00000000c6900000, 0x00000000c6900000| Untracked 
| 106|0x00000000c6a00000, 0x00000000c6b00000, 0x00000000c6b00000|100%| O|  |TAMS 0x00000000c6a00000, 0x00000000c6a00000| Untracked 
| 107|0x00000000c6b00000, 0x00000000c6c00000, 0x00000000c6c00000|100%| O|  |TAMS 0x00000000c6b00000, 0x00000000c6b00000| Untracked 
| 108|0x00000000c6c00000, 0x00000000c6d00000, 0x00000000c6d00000|100%| O|  |TAMS 0x00000000c6c00000, 0x00000000c6c00000| Untracked 
| 109|0x00000000c6d00000, 0x00000000c6e00000, 0x00000000c6e00000|100%| O|  |TAMS 0x00000000c6d00000, 0x00000000c6d00000| Untracked 
| 110|0x00000000c6e00000, 0x00000000c6f00000, 0x00000000c6f00000|100%| O|  |TAMS 0x00000000c6e00000, 0x00000000c6e00000| Untracked 
| 111|0x00000000c6f00000, 0x00000000c7000000, 0x00000000c7000000|100%| O|  |TAMS 0x00000000c6f00000, 0x00000000c6f00000| Untracked 
| 112|0x00000000c7000000, 0x00000000c7100000, 0x00000000c7100000|100%| O|  |TAMS 0x00000000c7000000, 0x00000000c7000000| Untracked 
| 113|0x00000000c7100000, 0x00000000c7200000, 0x00000000c7200000|100%| O|  |TAMS 0x00000000c7100000, 0x00000000c7100000| Untracked 
| 114|0x00000000c7200000, 0x00000000c7300000, 0x00000000c7300000|100%| O|  |TAMS 0x00000000c7200000, 0x00000000c7200000| Untracked 
| 115|0x00000000c7300000, 0x00000000c7400000, 0x00000000c7400000|100%| O|  |TAMS 0x00000000c7300000, 0x00000000c7300000| Untracked 
| 116|0x00000000c7400000, 0x00000000c7500000, 0x00000000c7500000|100%| O|  |TAMS 0x00000000c7400000, 0x00000000c7400000| Untracked 
| 117|0x00000000c7500000, 0x00000000c75d7200, 0x00000000c7600000| 84%| O|  |TAMS 0x00000000c7500000, 0x00000000c7500000| Untracked 
| 118|0x00000000c7600000, 0x00000000c7600000, 0x00000000c7700000|  0%| F|  |TAMS 0x00000000c7600000, 0x00000000c7600000| Untracked 
| 119|0x00000000c7700000, 0x00000000c7700000, 0x00000000c7800000|  0%| F|  |TAMS 0x00000000c7700000, 0x00000000c7700000| Untracked 
| 120|0x00000000c7800000, 0x00000000c7800000, 0x00000000c7900000|  0%| F|  |TAMS 0x00000000c7800000, 0x00000000c7800000| Untracked 
| 121|0x00000000c7900000, 0x00000000c7900000, 0x00000000c7a00000|  0%| F|  |TAMS 0x00000000c7900000, 0x00000000c7900000| Untracked 
| 122|0x00000000c7a00000, 0x00000000c7a00000, 0x00000000c7b00000|  0%| F|  |TAMS 0x00000000c7a00000, 0x00000000c7a00000| Untracked 
| 123|0x00000000c7b00000, 0x00000000c7b00000, 0x00000000c7c00000|  0%| F|  |TAMS 0x00000000c7b00000, 0x00000000c7b00000| Untracked 
| 124|0x00000000c7c00000, 0x00000000c7c00000, 0x00000000c7d00000|  0%| F|  |TAMS 0x00000000c7c00000, 0x00000000c7c00000| Untracked 
| 125|0x00000000c7d00000, 0x00000000c7d00000, 0x00000000c7e00000|  0%| F|  |TAMS 0x00000000c7d00000, 0x00000000c7d00000| Untracked 
| 126|0x00000000c7e00000, 0x00000000c7e00000, 0x00000000c7f00000|  0%| F|  |TAMS 0x00000000c7e00000, 0x00000000c7e00000| Untracked 
| 127|0x00000000c7f00000, 0x00000000c7f00000, 0x00000000c8000000|  0%| F|  |TAMS 0x00000000c7f00000, 0x00000000c7f00000| Untracked 
| 128|0x00000000c8000000, 0x00000000c8000000, 0x00000000c8100000|  0%| F|  |TAMS 0x00000000c8000000, 0x00000000c8000000| Untracked 
| 129|0x00000000c8100000, 0x00000000c8100000, 0x00000000c8200000|  0%| F|  |TAMS 0x00000000c8100000, 0x00000000c8100000| Untracked 
| 130|0x00000000c8200000, 0x00000000c8200000, 0x00000000c8300000|  0%| F|  |TAMS 0x00000000c8200000, 0x00000000c8200000| Untracked 
| 131|0x00000000c8300000, 0x00000000c8300000, 0x00000000c8400000|  0%| F|  |TAMS 0x00000000c8300000, 0x00000000c8300000| Untracked 
| 132|0x00000000c8400000, 0x00000000c8400000, 0x00000000c8500000|  0%| F|  |TAMS 0x00000000c8400000, 0x00000000c8400000| Untracked 
| 133|0x00000000c8500000, 0x00000000c8500000, 0x00000000c8600000|  0%| F|  |TAMS 0x00000000c8500000, 0x00000000c8500000| Untracked 
| 134|0x00000000c8600000, 0x00000000c8600000, 0x00000000c8700000|  0%| F|  |TAMS 0x00000000c8600000, 0x00000000c8600000| Untracked 
| 135|0x00000000c8700000, 0x00000000c8700000, 0x00000000c8800000|  0%| F|  |TAMS 0x00000000c8700000, 0x00000000c8700000| Untracked 
| 136|0x00000000c8800000, 0x00000000c8800000, 0x00000000c8900000|  0%| F|  |TAMS 0x00000000c8800000, 0x00000000c8800000| Untracked 
| 137|0x00000000c8900000, 0x00000000c8900000, 0x00000000c8a00000|  0%| F|  |TAMS 0x00000000c8900000, 0x00000000c8900000| Untracked 
| 138|0x00000000c8a00000, 0x00000000c8a00000, 0x00000000c8b00000|  0%| F|  |TAMS 0x00000000c8a00000, 0x00000000c8a00000| Untracked 
| 139|0x00000000c8b00000, 0x00000000c8b00000, 0x00000000c8c00000|  0%| F|  |TAMS 0x00000000c8b00000, 0x00000000c8b00000| Untracked 
| 140|0x00000000c8c00000, 0x00000000c8c00000, 0x00000000c8d00000|  0%| F|  |TAMS 0x00000000c8c00000, 0x00000000c8c00000| Untracked 
| 141|0x00000000c8d00000, 0x00000000c8d00000, 0x00000000c8e00000|  0%| F|  |TAMS 0x00000000c8d00000, 0x00000000c8d00000| Untracked 
| 142|0x00000000c8e00000, 0x00000000c8e00000, 0x00000000c8f00000|  0%| F|  |TAMS 0x00000000c8e00000, 0x00000000c8e00000| Untracked 
| 143|0x00000000c8f00000, 0x00000000c8f00000, 0x00000000c9000000|  0%| F|  |TAMS 0x00000000c8f00000, 0x00000000c8f00000| Untracked 
| 144|0x00000000c9000000, 0x00000000c9000000, 0x00000000c9100000|  0%| F|  |TAMS 0x00000000c9000000, 0x00000000c9000000| Untracked 
| 145|0x00000000c9100000, 0x00000000c9100000, 0x00000000c9200000|  0%| F|  |TAMS 0x00000000c9100000, 0x00000000c9100000| Untracked 
| 146|0x00000000c9200000, 0x00000000c9200000, 0x00000000c9300000|  0%| F|  |TAMS 0x00000000c9200000, 0x00000000c9200000| Untracked 
| 147|0x00000000c9300000, 0x00000000c9300000, 0x00000000c9400000|  0%| F|  |TAMS 0x00000000c9300000, 0x00000000c9300000| Untracked 
| 148|0x00000000c9400000, 0x00000000c9400000, 0x00000000c9500000|  0%| F|  |TAMS 0x00000000c9400000, 0x00000000c9400000| Untracked 
| 149|0x00000000c9500000, 0x00000000c9500000, 0x00000000c9600000|  0%| F|  |TAMS 0x00000000c9500000, 0x00000000c9500000| Untracked 
| 150|0x00000000c9600000, 0x00000000c9600000, 0x00000000c9700000|  0%| F|  |TAMS 0x00000000c9600000, 0x00000000c9600000| Untracked 
| 151|0x00000000c9700000, 0x00000000c9700000, 0x00000000c9800000|  0%| F|  |TAMS 0x00000000c9700000, 0x00000000c9700000| Untracked 
| 152|0x00000000c9800000, 0x00000000c9800000, 0x00000000c9900000|  0%| F|  |TAMS 0x00000000c9800000, 0x00000000c9800000| Untracked 
| 153|0x00000000c9900000, 0x00000000c9900000, 0x00000000c9a00000|  0%| F|  |TAMS 0x00000000c9900000, 0x00000000c9900000| Untracked 
| 154|0x00000000c9a00000, 0x00000000c9a00000, 0x00000000c9b00000|  0%| F|  |TAMS 0x00000000c9a00000, 0x00000000c9a00000| Untracked 
| 155|0x00000000c9b00000, 0x00000000c9b00000, 0x00000000c9c00000|  0%| F|  |TAMS 0x00000000c9b00000, 0x00000000c9b00000| Untracked 
| 156|0x00000000c9c00000, 0x00000000c9c00000, 0x00000000c9d00000|  0%| F|  |TAMS 0x00000000c9c00000, 0x00000000c9c00000| Untracked 
| 157|0x00000000c9d00000, 0x00000000c9d00000, 0x00000000c9e00000|  0%| F|  |TAMS 0x00000000c9d00000, 0x00000000c9d00000| Untracked 
| 158|0x00000000c9e00000, 0x00000000c9e00000, 0x00000000c9f00000|  0%| F|  |TAMS 0x00000000c9e00000, 0x00000000c9e00000| Untracked 
| 159|0x00000000c9f00000, 0x00000000c9f00000, 0x00000000ca000000|  0%| F|  |TAMS 0x00000000c9f00000, 0x00000000c9f00000| Untracked 
| 160|0x00000000ca000000, 0x00000000ca000000, 0x00000000ca100000|  0%| F|  |TAMS 0x00000000ca000000, 0x00000000ca000000| Untracked 
| 161|0x00000000ca100000, 0x00000000ca100000, 0x00000000ca200000|  0%| F|  |TAMS 0x00000000ca100000, 0x00000000ca100000| Untracked 
| 162|0x00000000ca200000, 0x00000000ca200000, 0x00000000ca300000|  0%| F|  |TAMS 0x00000000ca200000, 0x00000000ca200000| Untracked 
| 163|0x00000000ca300000, 0x00000000ca300000, 0x00000000ca400000|  0%| F|  |TAMS 0x00000000ca300000, 0x00000000ca300000| Untracked 
| 164|0x00000000ca400000, 0x00000000ca400000, 0x00000000ca500000|  0%| F|  |TAMS 0x00000000ca400000, 0x00000000ca400000| Untracked 
| 165|0x00000000ca500000, 0x00000000ca500000, 0x00000000ca600000|  0%| F|  |TAMS 0x00000000ca500000, 0x00000000ca500000| Untracked 
| 166|0x00000000ca600000, 0x00000000ca600000, 0x00000000ca700000|  0%| F|  |TAMS 0x00000000ca600000, 0x00000000ca600000| Untracked 
| 167|0x00000000ca700000, 0x00000000ca700000, 0x00000000ca800000|  0%| F|  |TAMS 0x00000000ca700000, 0x00000000ca700000| Untracked 
| 168|0x00000000ca800000, 0x00000000ca800000, 0x00000000ca900000|  0%| F|  |TAMS 0x00000000ca800000, 0x00000000ca800000| Untracked 
| 169|0x00000000ca900000, 0x00000000ca900000, 0x00000000caa00000|  0%| F|  |TAMS 0x00000000ca900000, 0x00000000ca900000| Untracked 
| 170|0x00000000caa00000, 0x00000000caa00000, 0x00000000cab00000|  0%| F|  |TAMS 0x00000000caa00000, 0x00000000caa00000| Untracked 
| 171|0x00000000cab00000, 0x00000000cab00000, 0x00000000cac00000|  0%| F|  |TAMS 0x00000000cab00000, 0x00000000cab00000| Untracked 
| 172|0x00000000cac00000, 0x00000000cac00000, 0x00000000cad00000|  0%| F|  |TAMS 0x00000000cac00000, 0x00000000cac00000| Untracked 
| 173|0x00000000cad00000, 0x00000000cad00000, 0x00000000cae00000|  0%| F|  |TAMS 0x00000000cad00000, 0x00000000cad00000| Untracked 
| 174|0x00000000cae00000, 0x00000000cae00000, 0x00000000caf00000|  0%| F|  |TAMS 0x00000000cae00000, 0x00000000cae00000| Untracked 
| 175|0x00000000caf00000, 0x00000000caf00000, 0x00000000cb000000|  0%| F|  |TAMS 0x00000000caf00000, 0x00000000caf00000| Untracked 
| 176|0x00000000cb000000, 0x00000000cb000000, 0x00000000cb100000|  0%| F|  |TAMS 0x00000000cb000000, 0x00000000cb000000| Untracked 
| 177|0x00000000cb100000, 0x00000000cb100000, 0x00000000cb200000|  0%| F|  |TAMS 0x00000000cb100000, 0x00000000cb100000| Untracked 
| 178|0x00000000cb200000, 0x00000000cb200000, 0x00000000cb300000|  0%| F|  |TAMS 0x00000000cb200000, 0x00000000cb200000| Untracked 
| 179|0x00000000cb300000, 0x00000000cb300000, 0x00000000cb400000|  0%| F|  |TAMS 0x00000000cb300000, 0x00000000cb300000| Untracked 
| 180|0x00000000cb400000, 0x00000000cb400000, 0x00000000cb500000|  0%| F|  |TAMS 0x00000000cb400000, 0x00000000cb400000| Untracked 
| 181|0x00000000cb500000, 0x00000000cb500000, 0x00000000cb600000|  0%| F|  |TAMS 0x00000000cb500000, 0x00000000cb500000| Untracked 
| 182|0x00000000cb600000, 0x00000000cb600000, 0x00000000cb700000|  0%| F|  |TAMS 0x00000000cb600000, 0x00000000cb600000| Untracked 
| 183|0x00000000cb700000, 0x00000000cb700000, 0x00000000cb800000|  0%| F|  |TAMS 0x00000000cb700000, 0x00000000cb700000| Untracked 
| 184|0x00000000cb800000, 0x00000000cb800000, 0x00000000cb900000|  0%| F|  |TAMS 0x00000000cb800000, 0x00000000cb800000| Untracked 
| 185|0x00000000cb900000, 0x00000000cb983cf8, 0x00000000cba00000| 51%| S|CS|TAMS 0x00000000cb900000, 0x00000000cb900000| Complete 
| 186|0x00000000cba00000, 0x00000000cbb00000, 0x00000000cbb00000|100%| S|CS|TAMS 0x00000000cba00000, 0x00000000cba00000| Complete 
| 187|0x00000000cbb00000, 0x00000000cbb00000, 0x00000000cbc00000|  0%| F|  |TAMS 0x00000000cbb00000, 0x00000000cbb00000| Untracked 
| 188|0x00000000cbc00000, 0x00000000cbc00000, 0x00000000cbd00000|  0%| F|  |TAMS 0x00000000cbc00000, 0x00000000cbc00000| Untracked 
| 189|0x00000000cbd00000, 0x00000000cbd00000, 0x00000000cbe00000|  0%| F|  |TAMS 0x00000000cbd00000, 0x00000000cbd00000| Untracked 
| 190|0x00000000cbe00000, 0x00000000cbe00000, 0x00000000cbf00000|  0%| F|  |TAMS 0x00000000cbe00000, 0x00000000cbe00000| Untracked 
| 191|0x00000000cbf00000, 0x00000000cbf00000, 0x00000000cc000000|  0%| F|  |TAMS 0x00000000cbf00000, 0x00000000cbf00000| Untracked 
| 192|0x00000000cc000000, 0x00000000cc000000, 0x00000000cc100000|  0%| F|  |TAMS 0x00000000cc000000, 0x00000000cc000000| Untracked 
| 193|0x00000000cc100000, 0x00000000cc100000, 0x00000000cc200000|  0%| F|  |TAMS 0x00000000cc100000, 0x00000000cc100000| Untracked 
| 194|0x00000000cc200000, 0x00000000cc200000, 0x00000000cc300000|  0%| F|  |TAMS 0x00000000cc200000, 0x00000000cc200000| Untracked 
| 195|0x00000000cc300000, 0x00000000cc300000, 0x00000000cc400000|  0%| F|  |TAMS 0x00000000cc300000, 0x00000000cc300000| Untracked 
| 196|0x00000000cc400000, 0x00000000cc400000, 0x00000000cc500000|  0%| F|  |TAMS 0x00000000cc400000, 0x00000000cc400000| Untracked 
| 197|0x00000000cc500000, 0x00000000cc500000, 0x00000000cc600000|  0%| F|  |TAMS 0x00000000cc500000, 0x00000000cc500000| Untracked 
| 198|0x00000000cc600000, 0x00000000cc600000, 0x00000000cc700000|  0%| F|  |TAMS 0x00000000cc600000, 0x00000000cc600000| Untracked 
| 199|0x00000000cc700000, 0x00000000cc700000, 0x00000000cc800000|  0%| F|  |TAMS 0x00000000cc700000, 0x00000000cc700000| Untracked 
| 200|0x00000000cc800000, 0x00000000cc800000, 0x00000000cc900000|  0%| F|  |TAMS 0x00000000cc800000, 0x00000000cc800000| Untracked 
| 201|0x00000000cc900000, 0x00000000cc900000, 0x00000000cca00000|  0%| F|  |TAMS 0x00000000cc900000, 0x00000000cc900000| Untracked 
| 202|0x00000000cca00000, 0x00000000cca00000, 0x00000000ccb00000|  0%| F|  |TAMS 0x00000000cca00000, 0x00000000cca00000| Untracked 
| 203|0x00000000ccb00000, 0x00000000ccb00000, 0x00000000ccc00000|  0%| F|  |TAMS 0x00000000ccb00000, 0x00000000ccb00000| Untracked 
| 204|0x00000000ccc00000, 0x00000000ccc00000, 0x00000000ccd00000|  0%| F|  |TAMS 0x00000000ccc00000, 0x00000000ccc00000| Untracked 
| 205|0x00000000ccd00000, 0x00000000ccd00000, 0x00000000cce00000|  0%| F|  |TAMS 0x00000000ccd00000, 0x00000000ccd00000| Untracked 
| 206|0x00000000cce00000, 0x00000000cce00000, 0x00000000ccf00000|  0%| F|  |TAMS 0x00000000cce00000, 0x00000000cce00000| Untracked 
| 207|0x00000000ccf00000, 0x00000000ccf00000, 0x00000000cd000000|  0%| F|  |TAMS 0x00000000ccf00000, 0x00000000ccf00000| Untracked 
| 208|0x00000000cd000000, 0x00000000cd000000, 0x00000000cd100000|  0%| F|  |TAMS 0x00000000cd000000, 0x00000000cd000000| Untracked 
| 209|0x00000000cd100000, 0x00000000cd100000, 0x00000000cd200000|  0%| F|  |TAMS 0x00000000cd100000, 0x00000000cd100000| Untracked 
| 210|0x00000000cd200000, 0x00000000cd200000, 0x00000000cd300000|  0%| F|  |TAMS 0x00000000cd200000, 0x00000000cd200000| Untracked 
| 211|0x00000000cd300000, 0x00000000cd300000, 0x00000000cd400000|  0%| F|  |TAMS 0x00000000cd300000, 0x00000000cd300000| Untracked 
| 212|0x00000000cd400000, 0x00000000cd400000, 0x00000000cd500000|  0%| F|  |TAMS 0x00000000cd400000, 0x00000000cd400000| Untracked 
| 213|0x00000000cd500000, 0x00000000cd500000, 0x00000000cd600000|  0%| F|  |TAMS 0x00000000cd500000, 0x00000000cd500000| Untracked 
| 214|0x00000000cd600000, 0x00000000cd600000, 0x00000000cd700000|  0%| F|  |TAMS 0x00000000cd600000, 0x00000000cd600000| Untracked 
| 215|0x00000000cd700000, 0x00000000cd700000, 0x00000000cd800000|  0%| F|  |TAMS 0x00000000cd700000, 0x00000000cd700000| Untracked 
| 216|0x00000000cd800000, 0x00000000cd800000, 0x00000000cd900000|  0%| F|  |TAMS 0x00000000cd800000, 0x00000000cd800000| Untracked 
| 217|0x00000000cd900000, 0x00000000cd900000, 0x00000000cda00000|  0%| F|  |TAMS 0x00000000cd900000, 0x00000000cd900000| Untracked 
| 218|0x00000000cda00000, 0x00000000cda00000, 0x00000000cdb00000|  0%| F|  |TAMS 0x00000000cda00000, 0x00000000cda00000| Untracked 
| 219|0x00000000cdb00000, 0x00000000cdb00000, 0x00000000cdc00000|  0%| F|  |TAMS 0x00000000cdb00000, 0x00000000cdb00000| Untracked 
| 220|0x00000000cdc00000, 0x00000000cdc00000, 0x00000000cdd00000|  0%| F|  |TAMS 0x00000000cdc00000, 0x00000000cdc00000| Untracked 
| 221|0x00000000cdd00000, 0x00000000cdd00000, 0x00000000cde00000|  0%| F|  |TAMS 0x00000000cdd00000, 0x00000000cdd00000| Untracked 
| 222|0x00000000cde00000, 0x00000000cde00000, 0x00000000cdf00000|  0%| F|  |TAMS 0x00000000cde00000, 0x00000000cde00000| Untracked 
| 223|0x00000000cdf00000, 0x00000000cdf00000, 0x00000000ce000000|  0%| F|  |TAMS 0x00000000cdf00000, 0x00000000cdf00000| Untracked 
| 224|0x00000000ce000000, 0x00000000ce000000, 0x00000000ce100000|  0%| F|  |TAMS 0x00000000ce000000, 0x00000000ce000000| Untracked 
| 225|0x00000000ce100000, 0x00000000ce100000, 0x00000000ce200000|  0%| F|  |TAMS 0x00000000ce100000, 0x00000000ce100000| Untracked 
| 226|0x00000000ce200000, 0x00000000ce200000, 0x00000000ce300000|  0%| F|  |TAMS 0x00000000ce200000, 0x00000000ce200000| Untracked 
| 227|0x00000000ce300000, 0x00000000ce300000, 0x00000000ce400000|  0%| F|  |TAMS 0x00000000ce300000, 0x00000000ce300000| Untracked 
| 228|0x00000000ce400000, 0x00000000ce400000, 0x00000000ce500000|  0%| F|  |TAMS 0x00000000ce400000, 0x00000000ce400000| Untracked 
| 229|0x00000000ce500000, 0x00000000ce500000, 0x00000000ce600000|  0%| F|  |TAMS 0x00000000ce500000, 0x00000000ce500000| Untracked 
| 230|0x00000000ce600000, 0x00000000ce600000, 0x00000000ce700000|  0%| F|  |TAMS 0x00000000ce600000, 0x00000000ce600000| Untracked 
| 231|0x00000000ce700000, 0x00000000ce700000, 0x00000000ce800000|  0%| F|  |TAMS 0x00000000ce700000, 0x00000000ce700000| Untracked 
| 232|0x00000000ce800000, 0x00000000ce800000, 0x00000000ce900000|  0%| F|  |TAMS 0x00000000ce800000, 0x00000000ce800000| Untracked 
| 233|0x00000000ce900000, 0x00000000ce900000, 0x00000000cea00000|  0%| F|  |TAMS 0x00000000ce900000, 0x00000000ce900000| Untracked 
| 234|0x00000000cea00000, 0x00000000cea00000, 0x00000000ceb00000|  0%| F|  |TAMS 0x00000000cea00000, 0x00000000cea00000| Untracked 
| 235|0x00000000ceb00000, 0x00000000ceb00000, 0x00000000cec00000|  0%| F|  |TAMS 0x00000000ceb00000, 0x00000000ceb00000| Untracked 
| 236|0x00000000cec00000, 0x00000000cec00000, 0x00000000ced00000|  0%| F|  |TAMS 0x00000000cec00000, 0x00000000cec00000| Untracked 
| 237|0x00000000ced00000, 0x00000000ced00000, 0x00000000cee00000|  0%| F|  |TAMS 0x00000000ced00000, 0x00000000ced00000| Untracked 
| 238|0x00000000cee00000, 0x00000000cee00000, 0x00000000cef00000|  0%| F|  |TAMS 0x00000000cee00000, 0x00000000cee00000| Untracked 
| 239|0x00000000cef00000, 0x00000000cef00000, 0x00000000cf000000|  0%| F|  |TAMS 0x00000000cef00000, 0x00000000cef00000| Untracked 
| 240|0x00000000cf000000, 0x00000000cf000000, 0x00000000cf100000|  0%| F|  |TAMS 0x00000000cf000000, 0x00000000cf000000| Untracked 
| 241|0x00000000cf100000, 0x00000000cf100000, 0x00000000cf200000|  0%| F|  |TAMS 0x00000000cf100000, 0x00000000cf100000| Untracked 
| 242|0x00000000cf200000, 0x00000000cf200000, 0x00000000cf300000|  0%| F|  |TAMS 0x00000000cf200000, 0x00000000cf200000| Untracked 
| 243|0x00000000cf300000, 0x00000000cf300000, 0x00000000cf400000|  0%| F|  |TAMS 0x00000000cf300000, 0x00000000cf300000| Untracked 
| 244|0x00000000cf400000, 0x00000000cf400000, 0x00000000cf500000|  0%| F|  |TAMS 0x00000000cf400000, 0x00000000cf400000| Untracked 
| 245|0x00000000cf500000, 0x00000000cf500000, 0x00000000cf600000|  0%| F|  |TAMS 0x00000000cf500000, 0x00000000cf500000| Untracked 
| 246|0x00000000cf600000, 0x00000000cf600000, 0x00000000cf700000|  0%| F|  |TAMS 0x00000000cf600000, 0x00000000cf600000| Untracked 
| 247|0x00000000cf700000, 0x00000000cf700000, 0x00000000cf800000|  0%| F|  |TAMS 0x00000000cf700000, 0x00000000cf700000| Untracked 
| 248|0x00000000cf800000, 0x00000000cf800000, 0x00000000cf900000|  0%| F|  |TAMS 0x00000000cf800000, 0x00000000cf800000| Untracked 
| 249|0x00000000cf900000, 0x00000000cf900000, 0x00000000cfa00000|  0%| F|  |TAMS 0x00000000cf900000, 0x00000000cf900000| Untracked 
| 250|0x00000000cfa00000, 0x00000000cfa00000, 0x00000000cfb00000|  0%| F|  |TAMS 0x00000000cfa00000, 0x00000000cfa00000| Untracked 
| 251|0x00000000cfb00000, 0x00000000cfb00000, 0x00000000cfc00000|  0%| F|  |TAMS 0x00000000cfb00000, 0x00000000cfb00000| Untracked 
| 252|0x00000000cfc00000, 0x00000000cfc00000, 0x00000000cfd00000|  0%| F|  |TAMS 0x00000000cfc00000, 0x00000000cfc00000| Untracked 
| 253|0x00000000cfd00000, 0x00000000cfd00000, 0x00000000cfe00000|  0%| F|  |TAMS 0x00000000cfd00000, 0x00000000cfd00000| Untracked 
| 254|0x00000000cfe00000, 0x00000000cfe00000, 0x00000000cff00000|  0%| F|  |TAMS 0x00000000cfe00000, 0x00000000cfe00000| Untracked 
| 255|0x00000000cff00000, 0x00000000cff00000, 0x00000000d0000000|  0%| F|  |TAMS 0x00000000cff00000, 0x00000000cff00000| Untracked 
| 256|0x00000000d0000000, 0x00000000d0000000, 0x00000000d0100000|  0%| F|  |TAMS 0x00000000d0000000, 0x00000000d0000000| Untracked 
| 257|0x00000000d0100000, 0x00000000d0100000, 0x00000000d0200000|  0%| F|  |TAMS 0x00000000d0100000, 0x00000000d0100000| Untracked 
| 258|0x00000000d0200000, 0x00000000d0200000, 0x00000000d0300000|  0%| F|  |TAMS 0x00000000d0200000, 0x00000000d0200000| Untracked 
| 259|0x00000000d0300000, 0x00000000d0300000, 0x00000000d0400000|  0%| F|  |TAMS 0x00000000d0300000, 0x00000000d0300000| Untracked 
| 260|0x00000000d0400000, 0x00000000d0400000, 0x00000000d0500000|  0%| F|  |TAMS 0x00000000d0400000, 0x00000000d0400000| Untracked 

Card table byte_map: [0x000002b6b8e80000,0x000002b6b9080000] _byte_map_base: 0x000002b6b8880000

Marking Bits (Prev, Next): (CMBitMap*) 0x000002b6a1264328, (CMBitMap*) 0x000002b6a1264360
 Prev Bits: [0x000002b6b9280000, 0x000002b6ba280000)
 Next Bits: [0x000002b6ba280000, 0x000002b6bb280000)

Polling page: 0x000002b69f200000

Metaspace:

Usage:
  Non-class:     18.48 MB capacity,    18.15 MB ( 98%) used,   265.07 KB (  1%) free+waste,    75.31 KB ( <1%) overhead. 
      Class:      2.76 MB capacity,     2.48 MB ( 90%) used,   243.10 KB (  9%) free+waste,    37.69 KB (  1%) overhead. 
       Both:     21.24 MB capacity,    20.63 MB ( 97%) used,   508.17 KB (  2%) free+waste,   113.00 KB ( <1%) overhead. 

Virtual space:
  Non-class space:       20.00 MB reserved,      18.50 MB ( 93%) committed 
      Class space:        1.00 GB reserved,       2.88 MB ( <1%) committed 
             Both:        1.02 GB reserved,      21.38 MB (  2%) committed 

Chunk freelists:
   Non-Class:  18.00 KB
       Class:  25.00 KB
        Both:  43.00 KB

MaxMetaspaceSize: 17179869184.00 GB
CompressedClassSpaceSize: 1.00 GB
Initial GC threshold: 20.80 MB
Current GC threshold: 26.88 MB
CDS: off

CodeHeap 'non-profiled nmethods': size=120000Kb used=1127Kb max_used=1127Kb free=118872Kb
 bounds [0x000002b6b1420000, 0x000002b6b1690000, 0x000002b6b8950000]
CodeHeap 'profiled nmethods': size=120000Kb used=7636Kb max_used=7636Kb free=112363Kb
 bounds [0x000002b6a9ef0000, 0x000002b6aa670000, 0x000002b6b1420000]
CodeHeap 'non-nmethods': size=5760Kb used=1159Kb max_used=1217Kb free=4600Kb
 bounds [0x000002b6a9950000, 0x000002b6a9bc0000, 0x000002b6a9ef0000]
 total_blobs=3861 nmethods=3454 adapters=317
 compilation: enabled
              stopped_count=0, restarted_count=0
 full_count=0

Compilation events (20 events):
Event: 6.322 Thread 0x000002b6bdcf4000 nmethod 3719 0x000002b6aa663610 code [0x000002b6aa6637e0, 0x000002b6aa6639a8]
Event: 6.322 Thread 0x000002b6bdcf4000 3716       2       com.android.tools.r8.ir.regalloc.b$$Lambda$472/0x000000010025d840::test (8 bytes)
Event: 6.323 Thread 0x000002b6bdcf4000 nmethod 3716 0x000002b6aa663b10 code [0x000002b6aa663cc0, 0x000002b6aa663e88]
Event: 6.323 Thread 0x000002b6bdcf4000 3717       2       com.android.tools.r8.ir.regalloc.b::b (25 bytes)
Event: 6.323 Thread 0x000002b6bdcf4000 nmethod 3717 0x000002b6aa663f90 code [0x000002b6aa664140, 0x000002b6aa6642a8]
Event: 6.323 Thread 0x000002b6bdcf4000 3706       2       java.util.HashMap$ValueIterator::next (8 bytes)
Event: 6.323 Thread 0x000002b6bdcf4000 nmethod 3706 0x000002b6aa664390 code [0x000002b6aa664540, 0x000002b6aa664648]
Event: 6.323 Thread 0x000002b6bdcf4000 3708       2       java.util.stream.AbstractPipeline::isParallel (8 bytes)
Event: 6.323 Thread 0x000002b6bdcf4000 nmethod 3708 0x000002b6aa664710 code [0x000002b6aa6648c0, 0x000002b6aa6649b8]
Event: 6.323 Thread 0x000002b6bdcf4000 3718       2       com.android.tools.r8.internal.dF0::a (38 bytes)
Event: 6.323 Thread 0x000002b6bdcf4000 nmethod 3718 0x000002b6aa664a90 code [0x000002b6aa664c40, 0x000002b6aa664dd8]
Event: 6.323 Thread 0x000002b6bdcf4000 3668       2       com.android.tools.r8.internal.aY0::<init> (8 bytes)
Event: 6.323 Thread 0x000002b6bdcf4000 nmethod 3668 0x000002b6aa664e90 code [0x000002b6aa665040, 0x000002b6aa6651c8]
Event: 6.323 Thread 0x000002b6bdcf4000 3550       1       com.android.tools.r8.internal.Qz0::Y0 (2 bytes)
Event: 6.323 Thread 0x000002b6bdcf4000 nmethod 3550 0x000002b6b1539390 code [0x000002b6b1539540, 0x000002b6b15395f8]
Event: 6.323 Thread 0x000002b6bdcf4000 3574       1       com.android.tools.r8.internal.jK0::e2 (3 bytes)
Event: 6.323 Thread 0x000002b6bdcf4000 nmethod 3574 0x000002b6b1539690 code [0x000002b6b1539840, 0x000002b6b15398f8]
Event: 6.323 Thread 0x000002b6bdcf4000 3555       1       com.android.tools.r8.internal.xJ0::d2 (4 bytes)
Event: 6.323 Thread 0x000002b6bdcf4000 nmethod 3555 0x000002b6b1539990 code [0x000002b6b1539b40, 0x000002b6b1539bf8]
Event: 6.323 Thread 0x000002b6bdcf4000 3725 % !   3       com.android.tools.r8.graph.l::a @ 129 (1432 bytes)

GC Heap History (20 events):
Event: 4.306 GC heap after
{Heap after GC invocations=8 (full 0):
 garbage-first heap   total 129024K, used 59392K [0x00000000c0000000, 0x0000000100000000)
  region size 1024K, 6 young (6144K), 6 survivors (6144K)
 Metaspace       used 14546K, capacity 14809K, committed 14976K, reserved 1062912K
  class space    used 1515K, capacity 1652K, committed 1664K, reserved 1048576K
}
Event: 4.638 GC heap before
{Heap before GC invocations=8 (full 0):
 garbage-first heap   total 129024K, used 94208K [0x00000000c0000000, 0x0000000100000000)
  region size 1024K, 40 young (40960K), 6 survivors (6144K)
 Metaspace       used 14582K, capacity 14877K, committed 14976K, reserved 1062912K
  class space    used 1515K, capacity 1652K, committed 1664K, reserved 1048576K
}
Event: 4.660 GC heap after
{Heap after GC invocations=9 (full 0):
 garbage-first heap   total 129024K, used 66560K [0x00000000c0000000, 0x0000000100000000)
  region size 1024K, 5 young (5120K), 5 survivors (5120K)
 Metaspace       used 14582K, capacity 14877K, committed 14976K, reserved 1062912K
  class space    used 1515K, capacity 1652K, committed 1664K, reserved 1048576K
}
Event: 4.743 GC heap before
{Heap before GC invocations=9 (full 0):
 garbage-first heap   total 129024K, used 97280K [0x00000000c0000000, 0x0000000100000000)
  region size 1024K, 35 young (35840K), 5 survivors (5120K)
 Metaspace       used 14587K, capacity 14877K, committed 14976K, reserved 1062912K
  class space    used 1515K, capacity 1652K, committed 1664K, reserved 1048576K
}
Event: 4.761 GC heap after
{Heap after GC invocations=10 (full 0):
 garbage-first heap   total 181248K, used 73184K [0x00000000c0000000, 0x0000000100000000)
  region size 1024K, 5 young (5120K), 5 survivors (5120K)
 Metaspace       used 14587K, capacity 14877K, committed 14976K, reserved 1062912K
  class space    used 1515K, capacity 1652K, committed 1664K, reserved 1048576K
}
Event: 4.866 GC heap before
{Heap before GC invocations=10 (full 0):
 garbage-first heap   total 181248K, used 118240K [0x00000000c0000000, 0x0000000100000000)
  region size 1024K, 49 young (50176K), 5 survivors (5120K)
 Metaspace       used 14475K, capacity 14699K, committed 14976K, reserved 1062912K
  class space    used 1475K, capacity 1579K, committed 1664K, reserved 1048576K
}
Event: 4.883 GC heap after
{Heap after GC invocations=11 (full 0):
 garbage-first heap   total 181248K, used 81823K [0x00000000c0000000, 0x0000000100000000)
  region size 1024K, 7 young (7168K), 7 survivors (7168K)
 Metaspace       used 14475K, capacity 14699K, committed 14976K, reserved 1062912K
  class space    used 1475K, capacity 1579K, committed 1664K, reserved 1048576K
}
Event: 5.116 GC heap before
{Heap before GC invocations=12 (full 0):
 garbage-first heap   total 181248K, used 125855K [0x00000000c0000000, 0x0000000100000000)
  region size 1024K, 50 young (51200K), 7 survivors (7168K)
 Metaspace       used 16083K, capacity 16372K, committed 16512K, reserved 1064960K
  class space    used 1698K, capacity 1862K, committed 1920K, reserved 1048576K
}
Event: 5.140 GC heap after
{Heap after GC invocations=13 (full 0):
 garbage-first heap   total 181248K, used 89973K [0x00000000c0000000, 0x0000000100000000)
  region size 1024K, 7 young (7168K), 7 survivors (7168K)
 Metaspace       used 16083K, capacity 16372K, committed 16512K, reserved 1064960K
  class space    used 1698K, capacity 1862K, committed 1920K, reserved 1048576K
}
Event: 5.144 GC heap before
{Heap before GC invocations=13 (full 0):
 garbage-first heap   total 181248K, used 90997K [0x00000000c0000000, 0x0000000100000000)
  region size 1024K, 8 young (8192K), 7 survivors (7168K)
 Metaspace       used 16084K, capacity 16372K, committed 16512K, reserved 1064960K
  class space    used 1698K, capacity 1862K, committed 1920K, reserved 1048576K
}
Event: 5.152 GC heap after
{Heap after GC invocations=14 (full 0):
 garbage-first heap   total 181248K, used 90825K [0x00000000c0000000, 0x0000000100000000)
  region size 1024K, 1 young (1024K), 1 survivors (1024K)
 Metaspace       used 16084K, capacity 16372K, committed 16512K, reserved 1064960K
  class space    used 1698K, capacity 1862K, committed 1920K, reserved 1048576K
}
Event: 5.209 GC heap before
{Heap before GC invocations=14 (full 0):
 garbage-first heap   total 181248K, used 131785K [0x00000000c0000000, 0x0000000100000000)
  region size 1024K, 41 young (41984K), 1 survivors (1024K)
 Metaspace       used 16128K, capacity 16436K, committed 16512K, reserved 1064960K
  class space    used 1702K, capacity 1862K, committed 1920K, reserved 1048576K
}
Event: 5.221 GC heap after
{Heap after GC invocations=15 (full 0):
 garbage-first heap   total 267264K, used 97280K [0x00000000c0000000, 0x0000000100000000)
  region size 1024K, 6 young (6144K), 6 survivors (6144K)
 Metaspace       used 16128K, capacity 16436K, committed 16512K, reserved 1064960K
  class space    used 1702K, capacity 1862K, committed 1920K, reserved 1048576K
}
Event: 5.369 GC heap before
{Heap before GC invocations=15 (full 0):
 garbage-first heap   total 267264K, used 164864K [0x00000000c0000000, 0x0000000100000000)
  region size 1024K, 72 young (73728K), 6 survivors (6144K)
 Metaspace       used 16097K, capacity 16385K, committed 16512K, reserved 1064960K
  class space    used 1692K, capacity 1845K, committed 1920K, reserved 1048576K
}
Event: 5.391 GC heap after
{Heap after GC invocations=16 (full 0):
 garbage-first heap   total 267264K, used 108797K [0x00000000c0000000, 0x0000000100000000)
  region size 1024K, 9 young (9216K), 9 survivors (9216K)
 Metaspace       used 16097K, capacity 16385K, committed 16512K, reserved 1064960K
  class space    used 1692K, capacity 1845K, committed 1920K, reserved 1048576K
}
Event: 5.944 GC heap before
{Heap before GC invocations=17 (full 0):
 garbage-first heap   total 267264K, used 180477K [0x00000000c0000000, 0x0000000100000000)
  region size 1024K, 79 young (80896K), 9 survivors (9216K)
 Metaspace       used 20271K, capacity 20880K, committed 20992K, reserved 1067008K
  class space    used 2436K, capacity 2713K, committed 2816K, reserved 1048576K
}
Event: 5.968 GC heap after
{Heap after GC invocations=18 (full 0):
 garbage-first heap   total 267264K, used 118664K [0x00000000c0000000, 0x0000000100000000)
  region size 1024K, 9 young (9216K), 9 survivors (9216K)
 Metaspace       used 20271K, capacity 20880K, committed 20992K, reserved 1067008K
  class space    used 2436K, capacity 2713K, committed 2816K, reserved 1048576K
}
Event: 6.018 GC heap before
{Heap before GC invocations=18 (full 0):
 garbage-first heap   total 267264K, used 122760K [0x00000000c0000000, 0x0000000100000000)
  region size 1024K, 13 young (13312K), 9 survivors (9216K)
 Metaspace       used 20476K, capacity 21092K, committed 21248K, reserved 1067008K
  class space    used 2453K, capacity 2719K, committed 2816K, reserved 1048576K
}
Event: 6.033 GC heap after
{Heap after GC invocations=19 (full 0):
 garbage-first heap   total 267264K, used 115078K [0x00000000c0000000, 0x0000000100000000)
  region size 1024K, 2 young (2048K), 2 survivors (2048K)
 Metaspace       used 20476K, capacity 21092K, committed 21248K, reserved 1067008K
  class space    used 2453K, capacity 2719K, committed 2816K, reserved 1048576K
}
Event: 6.328 GC heap before
{Heap before GC invocations=19 (full 0):
 garbage-first heap   total 267264K, used 187782K [0x00000000c0000000, 0x0000000100000000)
  region size 1024K, 74 young (75776K), 2 survivors (2048K)
 Metaspace       used 21127K, capacity 21749K, committed 21888K, reserved 1069056K
  class space    used 2542K, capacity 2823K, committed 2944K, reserved 1048576K
}

Deoptimization events (20 events):
Event: 5.818 Thread 0x000002b6bf6ca000 Uncommon trap: trap_request=0xffffffc6 fr.pc=0x000002b6b151744c relative=0x000000000000136c
Event: 5.818 Thread 0x000002b6bf6ca000 Uncommon trap: reason=bimorphic_or_optimized_type_check action=maybe_recompile pc=0x000002b6b151744c method=java.util.HashMap.putVal(ILjava/lang/Object;Ljava/lang/Object;ZZ)Ljava/lang/Object; @ 203 c2
Event: 5.818 Thread 0x000002b6bf6ca000 DEOPT PACKING pc=0x000002b6b151744c sp=0x000000e8d87fe0c0
Event: 5.818 Thread 0x000002b6bf6ca000 DEOPT UNPACKING pc=0x000002b6a999a1af sp=0x000000e8d87fe070 mode 2
Event: 5.819 Thread 0x000002b6bf6ca000 Uncommon trap: trap_request=0xffffffc6 fr.pc=0x000002b6b151744c relative=0x000000000000136c
Event: 5.819 Thread 0x000002b6bf6ca000 Uncommon trap: reason=bimorphic_or_optimized_type_check action=maybe_recompile pc=0x000002b6b151744c method=java.util.HashMap.putVal(ILjava/lang/Object;Ljava/lang/Object;ZZ)Ljava/lang/Object; @ 203 c2
Event: 5.819 Thread 0x000002b6bf6ca000 DEOPT PACKING pc=0x000002b6b151744c sp=0x000000e8d87fe0c0
Event: 5.820 Thread 0x000002b6bf6ca000 DEOPT UNPACKING pc=0x000002b6a999a1af sp=0x000000e8d87fe070 mode 2
Event: 6.084 Thread 0x000002b6bf6c9800 DEOPT PACKING pc=0x000002b6aa4fa7e3 sp=0x000000e8d86fd2f0
Event: 6.084 Thread 0x000002b6bf6c9800 DEOPT UNPACKING pc=0x000002b6a999a95e sp=0x000000e8d86fc788 mode 0
Event: 6.127 Thread 0x000002b6bedf0800 DEOPT PACKING pc=0x000002b6aa4d06d8 sp=0x000000e8d85fdf80
Event: 6.127 Thread 0x000002b6bedf0800 DEOPT UNPACKING pc=0x000002b6a999a95e sp=0x000000e8d85fd5c0 mode 0
Event: 6.188 Thread 0x000002b6bf6ca000 DEOPT PACKING pc=0x000002b6aa5046c2 sp=0x000000e8d87fe130
Event: 6.188 Thread 0x000002b6bf6ca000 DEOPT UNPACKING pc=0x000002b6a999a95e sp=0x000000e8d87fd610 mode 0
Event: 6.190 Thread 0x000002b6bf6c9800 DEOPT PACKING pc=0x000002b6aa0f2ad3 sp=0x000000e8d86fd4b0
Event: 6.190 Thread 0x000002b6bf6c9800 DEOPT UNPACKING pc=0x000002b6a999a95e sp=0x000000e8d86fc9e0 mode 0
Event: 6.205 Thread 0x000002b6bebd5800 DEOPT PACKING pc=0x000002b6aa53aec3 sp=0x000000e8d84fe170
Event: 6.205 Thread 0x000002b6bebd5800 DEOPT UNPACKING pc=0x000002b6a999a95e sp=0x000000e8d84fda40 mode 0
Event: 6.281 Thread 0x000002b6bedf0800 DEOPT PACKING pc=0x000002b6aa5261e3 sp=0x000000e8d85fe240
Event: 6.281 Thread 0x000002b6bedf0800 DEOPT UNPACKING pc=0x000002b6a999a95e sp=0x000000e8d85fd868 mode 0

Classes redefined (0 events):
No events

Internal exceptions (20 events):
Event: 5.503 Thread 0x000002b6bf6c9800 Exception <a 'java/lang/NoSuchMethodError'{0x00000000cdddf598}: 'java.lang.Object java.lang.invoke.Invokers$Holder.linkToTargetMethod(java.lang.Object, java.lang.Object, java.lang.Object, java.lang.Object, java.lang.Object, java.lang.Object, java.lang.Object)'> (0x00000000cdddf598) thrown at [./src/hotspot/share/interpreter/linkResolver.cpp, line 773]
Event: 5.503 Thread 0x000002b6bedf0800 Exception <a 'java/lang/NoSuchMethodError'{0x00000000cdda0f80}: 'java.lang.Object java.lang.invoke.Invokers$Holder.linkToTargetMethod(java.lang.Object, java.lang.Object, java.lang.Object, java.lang.Object, java.lang.Object, java.lang.Object, java.lang.Object)'> (0x00000000cdda0f80) thrown at [./src/hotspot/share/interpreter/linkResolver.cpp, line 773]
Event: 5.503 Thread 0x000002b6bf6ca000 Exception <a 'java/lang/NoSuchMethodError'{0x00000000cdd52d78}: 'java.lang.Object java.lang.invoke.Invokers$Holder.linkToTargetMethod(java.lang.Object, java.lang.Object, java.lang.Object, java.lang.Object, java.lang.Object, java.lang.Object, java.lang.Object)'> (0x00000000cdd52d78) thrown at [./src/hotspot/share/interpreter/linkResolver.cpp, line 773]
Event: 5.504 Thread 0x000002b6bf6ca000 Exception <a 'java/lang/NoSuchMethodError'{0x00000000cdd59940}: 'int java.lang.invoke.DirectMethodHandle$Holder.invokeSpecial(java.lang.Object, java.lang.Object, java.lang.Object, java.lang.Object)'> (0x00000000cdd59940) thrown at [./src/hotspot/share/interpreter/linkResolver.cpp, line 773]
Event: 5.504 Thread 0x000002b6bedf0800 Exception <a 'java/lang/NoSuchMethodError'{0x00000000cdda7ba0}: 'int java.lang.invoke.DirectMethodHandle$Holder.invokeSpecial(java.lang.Object, java.lang.Object, java.lang.Object, java.lang.Object)'> (0x00000000cdda7ba0) thrown at [./src/hotspot/share/interpreter/linkResolver.cpp, line 773]
Event: 5.504 Thread 0x000002b6bf6c9800 Exception <a 'java/lang/NoSuchMethodError'{0x00000000cdde5a68}: 'int java.lang.invoke.DirectMethodHandle$Holder.invokeSpecial(java.lang.Object, java.lang.Object, java.lang.Object, java.lang.Object)'> (0x00000000cdde5a68) thrown at [./src/hotspot/share/interpreter/linkResolver.cpp, line 773]
Event: 5.504 Thread 0x000002b6bebd5800 Exception <a 'java/lang/NoSuchMethodError'{0x00000000cdb0f538}: 'int java.lang.invoke.DirectMethodHandle$Holder.invokeSpecial(java.lang.Object, java.lang.Object, java.lang.Object, java.lang.Object)'> (0x00000000cdb0f538) thrown at [./src/hotspot/share/interpreter/linkResolver.cpp, line 773]
Event: 5.558 Thread 0x000002b6bf6c9800 Exception <a 'java/lang/NoSuchMethodError'{0x00000000cdb75210}: 'int java.lang.invoke.DirectMethodHandle$Holder.invokeSpecial(java.lang.Object, java.lang.Object, java.lang.Object, java.lang.Object, java.lang.Object)'> (0x00000000cdb75210) thrown at [./src/hotspot/share/interpreter/linkResolver.cpp, line 773]
Event: 5.558 Thread 0x000002b6bf6ca000 Exception <a 'java/lang/NoSuchMethodError'{0x00000000cdd69940}: 'int java.lang.invoke.DirectMethodHandle$Holder.invokeSpecial(java.lang.Object, java.lang.Object, java.lang.Object, java.lang.Object, java.lang.Object)'> (0x00000000cdd69940) thrown at [./src/hotspot/share/interpreter/linkResolver.cpp, line 773]
Event: 5.558 Thread 0x000002b6bebd5800 Exception <a 'java/lang/NoSuchMethodError'{0x00000000cda41fe8}: 'int java.lang.invoke.DirectMethodHandle$Holder.invokeSpecial(java.lang.Object, java.lang.Object, java.lang.Object, java.lang.Object, java.lang.Object)'> (0x00000000cda41fe8) thrown at [./src/hotspot/share/interpreter/linkResolver.cpp, line 773]
Event: 5.581 Thread 0x000002b6bf6ca000 Exception <a 'java/lang/NoSuchMethodError'{0x00000000cdad51c8}: 'java.lang.Object java.lang.invoke.DirectMethodHandle$Holder.invokeVirtual(java.lang.Object, java.lang.Object, int, java.lang.Object)'> (0x00000000cdad51c8) thrown at [./src/hotspot/share/interpreter/linkResolver.cpp, line 773]
Event: 5.581 Thread 0x000002b6bebd5800 Exception <a 'java/lang/NoSuchMethodError'{0x00000000cd926df8}: 'java.lang.Object java.lang.invoke.DirectMethodHandle$Holder.invokeVirtual(java.lang.Object, java.lang.Object, int, java.lang.Object)'> (0x00000000cd926df8) thrown at [./src/hotspot/share/interpreter/linkResolver.cpp, line 773]
Event: 5.581 Thread 0x000002b6bedf0800 Exception <a 'java/lang/NoSuchMethodError'{0x00000000cd976570}: 'java.lang.Object java.lang.invoke.DirectMethodHandle$Holder.invokeVirtual(java.lang.Object, java.lang.Object, int, java.lang.Object)'> (0x00000000cd976570) thrown at [./src/hotspot/share/interpreter/linkResolver.cpp, line 773]
Event: 5.581 Thread 0x000002b6bf6c9800 Exception <a 'java/lang/NoSuchMethodError'{0x00000000cd9ae4e0}: 'java.lang.Object java.lang.invoke.DirectMethodHandle$Holder.invokeVirtual(java.lang.Object, java.lang.Object, int, java.lang.Object)'> (0x00000000cd9ae4e0) thrown at [./src/hotspot/share/interpreter/linkResolver.cpp, line 773]
Event: 5.588 Thread 0x000002b6bedf0800 Exception <a 'java/lang/NoSuchMethodError'{0x00000000cd9a49b8}: 'java.lang.Object java.lang.invoke.DirectMethodHandle$Holder.invokeSpecialIFC(java.lang.Object, java.lang.Object, java.lang.Object, java.lang.Object)'> (0x00000000cd9a49b8) thrown at [./src/hotspot/share/interpreter/linkResolver.cpp, line 773]
Event: 5.588 Thread 0x000002b6bebd5800 Exception <a 'java/lang/NoSuchMethodError'{0x00000000cd804e38}: 'java.lang.Object java.lang.invoke.DirectMethodHandle$Holder.invokeSpecialIFC(java.lang.Object, java.lang.Object, java.lang.Object, java.lang.Object)'> (0x00000000cd804e38) thrown at [./src/hotspot/share/interpreter/linkResolver.cpp, line 773]
Event: 5.687 Thread 0x000002b6bebd5800 Exception <a 'java/lang/NoSuchMethodError'{0x00000000cd52b418}: 'void java.lang.invoke.DirectMethodHandle$Holder.invokeVirtual(java.lang.Object, java.lang.Object)'> (0x00000000cd52b418) thrown at [./src/hotspot/share/interpreter/linkResolver.cpp, line 773]
Event: 5.687 Thread 0x000002b6bedf0800 Exception <a 'java/lang/NoSuchMethodError'{0x00000000cd573030}: 'void java.lang.invoke.DirectMethodHandle$Holder.invokeVirtual(java.lang.Object, java.lang.Object)'> (0x00000000cd573030) thrown at [./src/hotspot/share/interpreter/linkResolver.cpp, line 773]
Event: 5.792 Thread 0x000002b6bedf0800 Exception <a 'java/lang/NoSuchMethodError'{0x00000000cd0e6660}: 'java.lang.Object java.lang.invoke.DirectMethodHandle$Holder.invokeInterface(java.lang.Object, java.lang.Object, int)'> (0x00000000cd0e6660) thrown at [./src/hotspot/share/interpreter/linkResolver.cpp, line 773]
Event: 5.985 Thread 0x000002b6bf6c9800 Exception <a 'java/lang/NoSuchMethodError'{0x00000000d03d3e70}: 'java.lang.Object java.lang.invoke.DirectMethodHandle$Holder.invokeStatic(java.lang.Object, java.lang.Object, java.lang.Object, java.lang.Object, int)'> (0x00000000d03d3e70) thrown at [./src/hotspot/share/interpreter/linkResolver.cpp, line 773]

Events (20 events):
Event: 6.236 loading class com/android/tools/r8/code/R2 done
Event: 6.236 loading class com/android/tools/r8/code/N2
Event: 6.236 loading class com/android/tools/r8/code/N2 done
Event: 6.237 loading class com/android/tools/r8/code/r
Event: 6.237 loading class com/android/tools/r8/code/r done
Event: 6.238 loading class com/android/tools/r8/code/t
Event: 6.238 loading class com/android/tools/r8/code/t done
Event: 6.239 loading class com/android/tools/r8/code/v
Event: 6.239 loading class com/android/tools/r8/code/v done
Event: 6.240 loading class com/android/tools/r8/code/u
Event: 6.240 loading class com/android/tools/r8/code/u done
Event: 6.240 loading class com/android/tools/r8/code/w
Event: 6.240 loading class com/android/tools/r8/code/w done
Event: 6.240 loading class com/android/tools/r8/code/s
Event: 6.240 loading class com/android/tools/r8/code/s done
Event: 6.242 Executing VM operation: ICBufferFull
Event: 6.242 Executing VM operation: ICBufferFull done
Event: 6.266 loading class com/android/tools/r8/internal/D51
Event: 6.266 loading class com/android/tools/r8/internal/D51 done
Event: 6.327 Executing VM operation: G1CollectForAllocation


Dynamic libraries:
0x00007ff7c3ce0000 - 0x00007ff7c3ced000 	C:\Program Files\Microsoft\jdk-11.0.12.7-hotspot\bin\java.exe
0x00007ff996240000 - 0x00007ff996449000 	C:\WINDOWS\SYSTEM32\ntdll.dll
0x00007ff994850000 - 0x00007ff99490d000 	C:\WINDOWS\System32\KERNEL32.DLL
0x00007ff993be0000 - 0x00007ff993f5c000 	C:\WINDOWS\System32\KERNELBASE.dll
0x00007ff993a10000 - 0x00007ff993b21000 	C:\WINDOWS\System32\ucrtbase.dll
0x00007ff95b910000 - 0x00007ff95b927000 	C:\Program Files\Microsoft\jdk-11.0.12.7-hotspot\bin\jli.dll
0x00007ff95c7e0000 - 0x00007ff95c7f5000 	C:\Program Files\Microsoft\jdk-11.0.12.7-hotspot\bin\VCRUNTIME140.dll
0x00007ff995bb0000 - 0x00007ff995d5d000 	C:\WINDOWS\System32\USER32.dll
0x00007ff97ea80000 - 0x00007ff97ed25000 	C:\WINDOWS\WinSxS\amd64_microsoft.windows.common-controls_6595b64144ccf1df_6.0.22000.120_none_9d947278b86cc467\COMCTL32.dll
0x00007ff993b30000 - 0x00007ff993b56000 	C:\WINDOWS\System32\win32u.dll
0x00007ff994e60000 - 0x00007ff994f03000 	C:\WINDOWS\System32\msvcrt.dll
0x00007ff994700000 - 0x00007ff994729000 	C:\WINDOWS\System32\GDI32.dll
0x00007ff993720000 - 0x00007ff993839000 	C:\WINDOWS\System32\gdi32full.dll
0x00007ff993970000 - 0x00007ff993a0d000 	C:\WINDOWS\System32\msvcp_win.dll
0x00007ff9952f0000 - 0x00007ff995321000 	C:\WINDOWS\System32\IMM32.DLL
0x00007ff954160000 - 0x00007ff9541fb000 	C:\Program Files\Microsoft\jdk-11.0.12.7-hotspot\bin\msvcp140.dll
0x00007ff8b4000000 - 0x00007ff8b4b61000 	C:\Program Files\Microsoft\jdk-11.0.12.7-hotspot\bin\server\jvm.dll
0x00007ff9940d0000 - 0x00007ff99417e000 	C:\WINDOWS\System32\ADVAPI32.dll
0x00007ff994660000 - 0x00007ff9946fe000 	C:\WINDOWS\System32\sechost.dll
0x00007ff994730000 - 0x00007ff994850000 	C:\WINDOWS\System32\RPCRT4.dll
0x00007ff995f70000 - 0x00007ff995f78000 	C:\WINDOWS\System32\PSAPI.DLL
0x00007ff957b90000 - 0x00007ff957b99000 	C:\WINDOWS\SYSTEM32\WSOCK32.dll
0x00007ff9885e0000 - 0x00007ff9885ea000 	C:\WINDOWS\SYSTEM32\VERSION.dll
0x00007ff9815c0000 - 0x00007ff9815f3000 	C:\WINDOWS\SYSTEM32\WINMM.dll
0x00007ff994b40000 - 0x00007ff994baf000 	C:\WINDOWS\System32\WS2_32.dll
0x00007ff992810000 - 0x00007ff992828000 	C:\WINDOWS\SYSTEM32\kernel.appcore.dll
0x00007ff989a60000 - 0x00007ff989a70000 	C:\Program Files\Microsoft\jdk-11.0.12.7-hotspot\bin\verify.dll
0x00007ff98e1a0000 - 0x00007ff98e3c1000 	C:\WINDOWS\SYSTEM32\DBGHELP.DLL
0x00007ff97bea0000 - 0x00007ff97bed1000 	C:\WINDOWS\SYSTEM32\dbgcore.DLL
0x00007ff993b60000 - 0x00007ff993bdf000 	C:\WINDOWS\System32\bcryptPrimitives.dll
0x00007ff95b8e0000 - 0x00007ff95b908000 	C:\Program Files\Microsoft\jdk-11.0.12.7-hotspot\bin\java.dll
0x00007ff975470000 - 0x00007ff97547a000 	C:\Program Files\Microsoft\jdk-11.0.12.7-hotspot\bin\jimage.dll
0x00007ff95a8e0000 - 0x00007ff95a8f7000 	C:\Program Files\Microsoft\jdk-11.0.12.7-hotspot\bin\zip.dll
0x00007ff9953f0000 - 0x00007ff995ba8000 	C:\WINDOWS\System32\SHELL32.dll
0x00007ff991850000 - 0x00007ff9920b8000 	C:\WINDOWS\SYSTEM32\windows.storage.dll
0x00007ff994f70000 - 0x00007ff9952e9000 	C:\WINDOWS\System32\combase.dll
0x00007ff9916e0000 - 0x00007ff991846000 	C:\WINDOWS\SYSTEM32\wintypes.dll
0x00007ff994bb0000 - 0x00007ff994c9a000 	C:\WINDOWS\System32\SHCORE.dll
0x00007ff994f10000 - 0x00007ff994f6d000 	C:\WINDOWS\System32\shlwapi.dll
0x00007ff993650000 - 0x00007ff993671000 	C:\WINDOWS\SYSTEM32\profapi.dll
0x00007ff95a8c0000 - 0x00007ff95a8d9000 	C:\Program Files\Microsoft\jdk-11.0.12.7-hotspot\bin\net.dll
0x00007ff98a6b0000 - 0x00007ff98a7bc000 	C:\WINDOWS\SYSTEM32\WINHTTP.dll
0x00007ff992c40000 - 0x00007ff992ca7000 	C:\WINDOWS\system32\mswsock.dll
0x00007ff95a8a0000 - 0x00007ff95a8b2000 	C:\Program Files\Microsoft\jdk-11.0.12.7-hotspot\bin\nio.dll

dbghelp: loaded successfully - version: 4.0.5 - missing functions: none
symbol engine: initialized successfully - sym options: 0x614 - pdb path: .;C:\Program Files\Microsoft\jdk-11.0.12.7-hotspot\bin;C:\WINDOWS\SYSTEM32;C:\WINDOWS\WinSxS\amd64_microsoft.windows.common-controls_6595b64144ccf1df_6.0.22000.120_none_9d947278b86cc467;C:\Program Files\Microsoft\jdk-11.0.12.7-hotspot\bin\server

VM Arguments:
jvm_args: -Xmx1G 
java_command: com.android.tools.r8.D8 --debug --min-api 21 --output obj\Debug\110\android\bin\ --lib C:\Program Files (x86)\Android\android-sdk\platforms\android-30\android.jar --lib C:\Program Files (x86)\Android\android-sdk\platforms\android-30\optional\org.apache.http.legacy.jar obj\Debug\110\android\bin\classes.zip C:\Program Files\Microsoft Visual Studio\2022\Community\Common7\IDE\ReferenceAssemblies\Microsoft\Framework\MonoAndroid\v11.0\mono.android.jar C:\Program Files\Microsoft Visual Studio\2022\Community\MSBuild\Xamarin\Android\java_runtime_fastdev.jar C:\Users\mayur\.nuget\packages\xamarin.google.guava.listenablefuture\1.0.0.2\buildTransitive\monoandroid50\guava-listenablefuture.jar C:\Users\mayur\.nuget\packages\xamarin.androidx.annotation\1.1.0.8\buildTransitive\monoandroid90\..\..\jar\androidx.annotation.annotation.jar C:\Users\mayur\.nuget\packages\xamarin.androidx.collection\1.1.0.6\buildTransitive\monoandroid90\..\..\jar\androidx.collection.collection.jar C:\Users\mayur\.nuget\packages\xamarin.androidx.lifecycle.common\2.2.0.4\buildTransitive\monoandroid90\..\..\jar\androidx.lifecycle.lifecycle-common.jar C:\Users\mayur\.nuget\packages\xamarin.androidx.arch.core.common\2.1.0.7\buildTransitive\monoandroid90\..\..\jar\androidx.arch.core.core-common.jar obj\Debug\110\lp\100\jl\classes.jar obj\Debug\110\lp\101\jl\classes.jar obj\Debug\110\lp\102\jl\classes.jar obj\Debug\110\lp\103\jl\classes.jar obj\Debug\110\lp\104\jl\classes.jar obj\Debug\110\lp\105\jl\classes.jar obj\Debug\110\lp\106\jl\classes.jar obj\Debug\110\lp\107\jl\classes.jar obj\Debug\110\lp\108\jl\classes.jar obj\Debug\110\lp\109\jl\classes.jar obj\Debug\110\lp\110\jl\classes.jar obj\Debug\110\lp\111\jl\classes.jar obj\Debug\110\lp\112\jl\classes.jar obj\Debug\110\lp\113\jl\classes.jar obj\Debug\110\lp\114\jl\classes.jar obj\Debug\110\lp\115\jl\classes.jar obj\Debug\110\lp\116\jl\classes.jar obj\Debug\110\lp\117\jl\classes.jar obj\Debug\110\lp\118\jl\classes.jar obj\Debug\110\lp\119\jl\cl
java_class_path (initial): C:\Program Files\Microsoft Visual Studio\2022\Community\MSBuild\Xamarin\Android\r8.jar
Launcher Type: SUN_STANDARD

[Global flags]
     intx CICompilerCount                          = 4                                         {product} {ergonomic}
     uint ConcGCThreads                            = 2                                         {product} {ergonomic}
     uint G1ConcRefinementThreads                  = 8                                         {product} {ergonomic}
   size_t G1HeapRegionSize                         = 1048576                                   {product} {ergonomic}
    uintx GCDrainStackTargetSize                   = 64                                        {product} {ergonomic}
   size_t InitialHeapSize                          = 132120576                                 {product} {ergonomic}
   size_t MarkStackSize                            = 4194304                                   {product} {ergonomic}
   size_t MaxHeapSize                              = 1073741824                                {product} {command line}
   size_t MaxNewSize                               = 643825664                                 {product} {ergonomic}
   size_t MinHeapDeltaBytes                        = 1048576                                   {product} {ergonomic}
    uintx NonNMethodCodeHeapSize                   = 5836300                                {pd product} {ergonomic}
    uintx NonProfiledCodeHeapSize                  = 122910970                              {pd product} {ergonomic}
    uintx ProfiledCodeHeapSize                     = 122910970                              {pd product} {ergonomic}
    uintx ReservedCodeCacheSize                    = 251658240                              {pd product} {ergonomic}
     bool SegmentedCodeCache                       = true                                      {product} {ergonomic}
     bool UseCompressedClassPointers               = true                                 {lp64_product} {ergonomic}
     bool UseCompressedOops                        = true                                 {lp64_product} {ergonomic}
     bool UseG1GC                                  = true                                      {product} {ergonomic}
     bool UseLargePagesIndividualAllocation        = false                                  {pd product} {ergonomic}

Logging:
Log output configuration:
 #0: stdout all=warning uptime,level,tags
 #1: stderr all=off uptime,level,tags

Environment Variables:
PATH=C:\Program Files\Microsoft\jdk-11.0.12.7-hotspot\bin;C:\Windows\system32;C:\Windows;C:\Windows\System32\Wbem;C:\Windows\System32\WindowsPowerShell\v1.0\;C:\Windows\System32\OpenSSH\;C:\Program Files\Git\cmd;C:\Program Files\dotnet\;C:\WINDOWS\system32;C:\WINDOWS;C:\WINDOWS\System32\Wbem;C:\WINDOWS\System32\WindowsPowerShell\v1.0\;C:\WINDOWS\System32\OpenSSH\;C:\Program Files\Microsoft SQL Server\150\Tools\Binn\;C:\Program Files\Microsoft SQL Server\Client SDK\ODBC\170\Tools\Binn\;C:\Users\mayur\AppData\Local\Microsoft\WindowsApps;C:\Users\mayur\.dotnet\tools;
USERNAME=mayur
OS=Windows_NT
PROCESSOR_IDENTIFIER=Intel64 Family 6 Model 142 Stepping 12, GenuineIntel



---------------  S Y S T E M  ---------------

OS: Windows 10 , 64 bit Build 22000 (10.0.22000.708)
OS uptime: 5 days 22:16 hours

CPU:total 8 (initial active 8) (4 cores per cpu, 2 threads per core) family 6 model 142 stepping 12 microcode 0xde, cmov, cx8, fxsr, mmx, sse, sse2, sse3, ssse3, sse4.1, sse4.2, popcnt, avx, avx2, aes, clmul, erms, 3dnowpref, lzcnt, ht, tsc, tscinvbit, bmi1, bmi2, adx, fma

Memory: 4k page, system-wide physical 8022M (178M free)
TotalPageFile size 26772M (AvailPageFile size 27M)
current process WorkingSet (physical memory assigned to process): 367M, peak: 367M
current process commit charge ("private bytes"): 412M, peak: 514M

vm_info: OpenJDK 64-Bit Server VM (11.0.12+7) for windows-amd64 JRE (11.0.12+7), built on Jul 21 2021 15:41:43 by "" with unknown MS VC++:1916

END.
